2020-05-10T02:38:07+00:00 CRITICAL syntax error, unexpected '*', expecting end of file in C:\xampp2\htdocs\bookflight.com\wp-content\themes\betheme-child\functions.php on line 50

2020-05-10T03:10:05+00:00 CRITICAL Uncaught Error: Call to a member function get_value() on array in C:\xampp2\htdocs\bookflight.com\wp-content\themes\betheme-child\functions.php:64
Stack trace:
#0 C:\xampp2\htdocs\bookflight.com\wp-includes\class-wp-hook.php(287): my_custom_checkout_field(Array)
#1 C:\xampp2\htdocs\bookflight.com\wp-includes\plugin.php(206): WP_Hook->apply_filters(Array, Array)
#2 C:\xampp2\htdocs\bookflight.com\wp-content\plugins\woocommerce\includes\class-wc-countries.php(737): apply_filters('woocommerce_def...', Array)
#3 C:\xampp2\htdocs\bookflight.com\wp-content\plugins\woocommerce\includes\class-wc-countries.php(1325): WC_Countries->get_default_address_fields()
#4 C:\xampp2\htdocs\bookflight.com\wp-content\plugins\woocommerce\includes\class-wc-frontend-scripts.php(530): WC_Countries->get_country_locale()
#5 C:\xampp2\htdocs\bookflight.com\wp-content\plugins\woocommerce\includes\class-wc-frontend-scripts.php(444): WC_Frontend_Scripts::get_script_data('wc-address-i18n')
#6 C:\xampp2\htdocs\bookflight.com\wp-content\plugin in C:\xampp2\htdocs\bookflight.com\wp-content\themes\betheme-child\functions.php on line 64

2020-05-10T03:20:09+00:00 CRITICAL syntax error, unexpected ';', expecting ')' in C:\xampp2\htdocs\bookflight.com\wp-content\themes\betheme-child\functions.php on line 65

2020-05-10T06:10:49+00:00 CRITICAL Uncaught Error: Call to a member function get_value() on string in C:\xampp2\htdocs\bookflight.com\wp-content\themes\betheme-child\functions.php:63
Stack trace:
#0 C:\xampp2\htdocs\bookflight.com\wp-includes\class-wp-hook.php(287): customise_checkout_field('')
#1 C:\xampp2\htdocs\bookflight.com\wp-includes\class-wp-hook.php(311): WP_Hook->apply_filters('', Array)
#2 C:\xampp2\htdocs\bookflight.com\wp-includes\plugin.php(478): WP_Hook->do_action(Array)
#3 C:\xampp2\htdocs\bookflight.com\wp-content\plugins\woocommerce\templates\checkout\form-checkout.php(36): do_action('woocommerce_che...')
#4 C:\xampp2\htdocs\bookflight.com\wp-content\plugins\woocommerce\includes\wc-core-functions.php(251): include('C:\\xampp2\\htdoc...')
#5 C:\xampp2\htdocs\bookflight.com\wp-content\plugins\woocommerce\includes\shortcodes\class-wc-shortcode-checkout.php(294): wc_get_template('checkout/form-c...', Array)
#6 C:\xampp2\htdocs\bookflight.com\wp-content\plugins\woocommerce\includes\shortcodes\class-wc-shortcode-checkout.php(67): W in C:\xampp2\htdocs\bookflight.com\wp-content\themes\betheme-child\functions.php on line 63

2020-05-10T06:23:55+00:00 CRITICAL Uncaught Error: Call to a member function get_title() on boolean in C:\xampp2\htdocs\bookflight.com\wp-content\themes\betheme-child\functions.php:71
Stack trace:
#0 C:\xampp2\htdocs\bookflight.com\wp-includes\class-wp-hook.php(287): remove_checkout_field(Array)
#1 C:\xampp2\htdocs\bookflight.com\wp-includes\plugin.php(206): WP_Hook->apply_filters(Array, Array)
#2 C:\xampp2\htdocs\bookflight.com\wp-content\plugins\woocommerce\includes\class-wc-checkout.php(265): apply_filters('woocommerce_che...', Array)
#3 C:\xampp2\htdocs\bookflight.com\wp-content\plugins\woocommerce\templates\checkout\form-checkout.php(34): WC_Checkout->get_checkout_fields()
#4 C:\xampp2\htdocs\bookflight.com\wp-content\plugins\woocommerce\includes\wc-core-functions.php(251): include('C:\\xampp2\\htdoc...')
#5 C:\xampp2\htdocs\bookflight.com\wp-content\plugins\woocommerce\includes\shortcodes\class-wc-shortcode-checkout.php(294): wc_get_template('checkout/form-c...', Array)
#6 C:\xampp2\htdocs\bookflight.com\wp-content\plugins\woocommerce\in in C:\xampp2\htdocs\bookflight.com\wp-content\themes\betheme-child\functions.php on line 71

2020-05-10T06:24:36+00:00 CRITICAL Uncaught Error: Call to a member function get_title() on null in C:\xampp2\htdocs\bookflight.com\wp-content\themes\betheme-child\functions.php:71
Stack trace:
#0 C:\xampp2\htdocs\bookflight.com\wp-includes\class-wp-hook.php(287): remove_checkout_field(Array)
#1 C:\xampp2\htdocs\bookflight.com\wp-includes\plugin.php(206): WP_Hook->apply_filters(Array, Array)
#2 C:\xampp2\htdocs\bookflight.com\wp-content\plugins\woocommerce\includes\class-wc-checkout.php(265): apply_filters('woocommerce_che...', Array)
#3 C:\xampp2\htdocs\bookflight.com\wp-content\plugins\woocommerce\templates\checkout\form-checkout.php(34): WC_Checkout->get_checkout_fields()
#4 C:\xampp2\htdocs\bookflight.com\wp-content\plugins\woocommerce\includes\wc-core-functions.php(251): include('C:\\xampp2\\htdoc...')
#5 C:\xampp2\htdocs\bookflight.com\wp-content\plugins\woocommerce\includes\shortcodes\class-wc-shortcode-checkout.php(294): wc_get_template('checkout/form-c...', Array)
#6 C:\xampp2\htdocs\bookflight.com\wp-content\plugins\woocommerce\inclu in C:\xampp2\htdocs\bookflight.com\wp-content\themes\betheme-child\functions.php on line 71

2020-05-10T06:25:52+00:00 CRITICAL syntax error, unexpected 'public' (T_PUBLIC), expecting end of file in C:\xampp2\htdocs\bookflight.com\wp-content\themes\betheme-child\functions.php on line 67

2020-05-10T06:26:25+00:00 CRITICAL Uncaught Error: Using $this when not in object context in C:\xampp2\htdocs\bookflight.com\wp-content\plugins\woocommerce\includes\abstracts\abstract-wc-product.php:1720
Stack trace:
#0 C:\xampp2\htdocs\bookflight.com\wp-content\themes\betheme-child\functions.php(69): WC_Product::get_title()
#1 C:\xampp2\htdocs\bookflight.com\wp-includes\class-wp-hook.php(287): remove_checkout_field(Array)
#2 C:\xampp2\htdocs\bookflight.com\wp-includes\plugin.php(206): WP_Hook->apply_filters(Array, Array)
#3 C:\xampp2\htdocs\bookflight.com\wp-content\plugins\woocommerce\includes\class-wc-checkout.php(265): apply_filters('woocommerce_che...', Array)
#4 C:\xampp2\htdocs\bookflight.com\wp-content\plugins\woocommerce\templates\checkout\form-checkout.php(34): WC_Checkout->get_checkout_fields()
#5 C:\xampp2\htdocs\bookflight.com\wp-content\plugins\woocommerce\includes\wc-core-functions.php(251): include('C:\\xampp2\\htdoc...')
#6 C:\xampp2\htdocs\bookflight.com\wp-content\plugins\woocommerce\includes\shortcodes\class-wc-shortcode-ch in C:\xampp2\htdocs\bookflight.com\wp-content\plugins\woocommerce\includes\abstracts\abstract-wc-product.php on line 1720

2020-05-10T06:27:48+00:00 CRITICAL syntax error, unexpected 'public' (T_PUBLIC) in C:\xampp2\htdocs\bookflight.com\wp-content\themes\betheme-child\functions.php on line 69

2020-05-10T06:29:05+00:00 CRITICAL Uncaught Error: Call to a member function get_title() on boolean in C:\xampp2\htdocs\bookflight.com\wp-content\themes\betheme-child\functions.php:71
Stack trace:
#0 C:\xampp2\htdocs\bookflight.com\wp-includes\class-wp-hook.php(287): remove_checkout_field(Array)
#1 C:\xampp2\htdocs\bookflight.com\wp-includes\plugin.php(206): WP_Hook->apply_filters(Array, Array)
#2 C:\xampp2\htdocs\bookflight.com\wp-content\plugins\woocommerce\includes\class-wc-checkout.php(265): apply_filters('woocommerce_che...', Array)
#3 C:\xampp2\htdocs\bookflight.com\wp-content\plugins\woocommerce\templates\checkout\form-checkout.php(34): WC_Checkout->get_checkout_fields()
#4 C:\xampp2\htdocs\bookflight.com\wp-content\plugins\woocommerce\includes\wc-core-functions.php(251): include('C:\\xampp2\\htdoc...')
#5 C:\xampp2\htdocs\bookflight.com\wp-content\plugins\woocommerce\includes\shortcodes\class-wc-shortcode-checkout.php(294): wc_get_template('checkout/form-c...', Array)
#6 C:\xampp2\htdocs\bookflight.com\wp-content\plugins\woocommerce\in in C:\xampp2\htdocs\bookflight.com\wp-content\themes\betheme-child\functions.php on line 71

2020-05-10T06:47:04+00:00 CRITICAL Uncaught Error: Call to a member function get_title() on boolean in C:\xampp2\htdocs\bookflight.com\wp-content\themes\betheme-child\functions.php:70
Stack trace:
#0 C:\xampp2\htdocs\bookflight.com\wp-includes\class-wp-hook.php(287): remove_checkout_field(Array)
#1 C:\xampp2\htdocs\bookflight.com\wp-includes\plugin.php(206): WP_Hook->apply_filters(Array, Array)
#2 C:\xampp2\htdocs\bookflight.com\wp-content\plugins\woocommerce\includes\class-wc-checkout.php(265): apply_filters('woocommerce_che...', Array)
#3 C:\xampp2\htdocs\bookflight.com\wp-content\plugins\woocommerce\templates\checkout\form-checkout.php(34): WC_Checkout->get_checkout_fields()
#4 C:\xampp2\htdocs\bookflight.com\wp-content\plugins\woocommerce\includes\wc-core-functions.php(251): include('C:\\xampp2\\htdoc...')
#5 C:\xampp2\htdocs\bookflight.com\wp-content\plugins\woocommerce\includes\shortcodes\class-wc-shortcode-checkout.php(294): wc_get_template('checkout/form-c...', Array)
#6 C:\xampp2\htdocs\bookflight.com\wp-content\plugins\woocommerce\in in C:\xampp2\htdocs\bookflight.com\wp-content\themes\betheme-child\functions.php on line 70

2020-05-10T06:47:27+00:00 CRITICAL Uncaught Error: Call to a member function get_title() on boolean in C:\xampp2\htdocs\bookflight.com\wp-content\themes\betheme-child\functions.php:69
Stack trace:
#0 C:\xampp2\htdocs\bookflight.com\wp-includes\class-wp-hook.php(287): remove_checkout_field(Array)
#1 C:\xampp2\htdocs\bookflight.com\wp-includes\plugin.php(206): WP_Hook->apply_filters(Array, Array)
#2 C:\xampp2\htdocs\bookflight.com\wp-content\plugins\woocommerce\includes\class-wc-checkout.php(265): apply_filters('woocommerce_che...', Array)
#3 C:\xampp2\htdocs\bookflight.com\wp-content\plugins\woocommerce\templates\checkout\form-checkout.php(34): WC_Checkout->get_checkout_fields()
#4 C:\xampp2\htdocs\bookflight.com\wp-content\plugins\woocommerce\includes\wc-core-functions.php(251): include('C:\\xampp2\\htdoc...')
#5 C:\xampp2\htdocs\bookflight.com\wp-content\plugins\woocommerce\includes\shortcodes\class-wc-shortcode-checkout.php(294): wc_get_template('checkout/form-c...', Array)
#6 C:\xampp2\htdocs\bookflight.com\wp-content\plugins\woocommerce\in in C:\xampp2\htdocs\bookflight.com\wp-content\themes\betheme-child\functions.php on line 69

2020-05-10T06:47:45+00:00 CRITICAL Uncaught Error: Call to a member function get_title() on boolean in C:\xampp2\htdocs\bookflight.com\wp-content\themes\betheme-child\functions.php:69
Stack trace:
#0 C:\xampp2\htdocs\bookflight.com\wp-includes\class-wp-hook.php(287): remove_checkout_field(Array)
#1 C:\xampp2\htdocs\bookflight.com\wp-includes\plugin.php(206): WP_Hook->apply_filters(Array, Array)
#2 C:\xampp2\htdocs\bookflight.com\wp-content\plugins\woocommerce\includes\class-wc-checkout.php(265): apply_filters('woocommerce_che...', Array)
#3 C:\xampp2\htdocs\bookflight.com\wp-content\plugins\woocommerce\templates\checkout\form-checkout.php(34): WC_Checkout->get_checkout_fields()
#4 C:\xampp2\htdocs\bookflight.com\wp-content\plugins\woocommerce\includes\wc-core-functions.php(251): include('C:\\xampp2\\htdoc...')
#5 C:\xampp2\htdocs\bookflight.com\wp-content\plugins\woocommerce\includes\shortcodes\class-wc-shortcode-checkout.php(294): wc_get_template('checkout/form-c...', Array)
#6 C:\xampp2\htdocs\bookflight.com\wp-content\plugins\woocommerce\in in C:\xampp2\htdocs\bookflight.com\wp-content\themes\betheme-child\functions.php on line 69

2020-05-10T06:56:11+00:00 CRITICAL syntax error, unexpected 'var' (T_VAR) in C:\xampp2\htdocs\bookflight.com\wp-content\themes\betheme-child\functions.php on line 69

2020-05-10T06:56:24+00:00 CRITICAL syntax error, unexpected 'var' (T_VAR) in C:\xampp2\htdocs\bookflight.com\wp-content\themes\betheme-child\functions.php on line 69

2020-05-10T06:56:54+00:00 CRITICAL syntax error, unexpected '=' in C:\xampp2\htdocs\bookflight.com\wp-content\themes\betheme-child\functions.php on line 71

2020-05-10T06:56:56+00:00 CRITICAL syntax error, unexpected '=' in C:\xampp2\htdocs\bookflight.com\wp-content\themes\betheme-child\functions.php on line 71

2020-05-10T06:57:22+00:00 CRITICAL syntax error, unexpected 'var' (T_VAR) in C:\xampp2\htdocs\bookflight.com\wp-content\themes\betheme-child\functions.php on line 69

2020-05-10T06:57:38+00:00 CRITICAL syntax error, unexpected 'var' (T_VAR) in C:\xampp2\htdocs\bookflight.com\wp-content\themes\betheme-child\functions.php on line 69

2020-05-10T06:57:47+00:00 CRITICAL syntax error, unexpected 'var' (T_VAR) in C:\xampp2\htdocs\bookflight.com\wp-content\themes\betheme-child\functions.php on line 69

2020-05-10T07:00:12+00:00 CRITICAL Uncaught Error: Call to a member function get_name() on null in C:\xampp2\htdocs\bookflight.com\wp-content\themes\betheme-child\functions.php:71
Stack trace:
#0 C:\xampp2\htdocs\bookflight.com\wp-includes\class-wp-hook.php(287): remove_checkout_field(Array)
#1 C:\xampp2\htdocs\bookflight.com\wp-includes\plugin.php(206): WP_Hook->apply_filters(Array, Array)
#2 C:\xampp2\htdocs\bookflight.com\wp-content\plugins\woocommerce\includes\class-wc-checkout.php(265): apply_filters('woocommerce_che...', Array)
#3 C:\xampp2\htdocs\bookflight.com\wp-content\plugins\woocommerce\templates\checkout\form-checkout.php(34): WC_Checkout->get_checkout_fields()
#4 C:\xampp2\htdocs\bookflight.com\wp-content\plugins\woocommerce\includes\wc-core-functions.php(251): include('C:\\xampp2\\htdoc...')
#5 C:\xampp2\htdocs\bookflight.com\wp-content\plugins\woocommerce\includes\shortcodes\class-wc-shortcode-checkout.php(294): wc_get_template('checkout/form-c...', Array)
#6 C:\xampp2\htdocs\bookflight.com\wp-content\plugins\woocommerce\includ in C:\xampp2\htdocs\bookflight.com\wp-content\themes\betheme-child\functions.php on line 71

2020-05-10T07:00:31+00:00 CRITICAL Uncaught Error: Call to a member function get_name() on null in C:\xampp2\htdocs\bookflight.com\wp-content\themes\betheme-child\functions.php:71
Stack trace:
#0 C:\xampp2\htdocs\bookflight.com\wp-includes\class-wp-hook.php(287): remove_checkout_field(Array)
#1 C:\xampp2\htdocs\bookflight.com\wp-includes\plugin.php(206): WP_Hook->apply_filters(Array, Array)
#2 C:\xampp2\htdocs\bookflight.com\wp-content\plugins\woocommerce\includes\class-wc-checkout.php(265): apply_filters('woocommerce_che...', Array)
#3 C:\xampp2\htdocs\bookflight.com\wp-content\plugins\woocommerce\templates\checkout\form-checkout.php(34): WC_Checkout->get_checkout_fields()
#4 C:\xampp2\htdocs\bookflight.com\wp-content\plugins\woocommerce\includes\wc-core-functions.php(251): include('C:\\xampp2\\htdoc...')
#5 C:\xampp2\htdocs\bookflight.com\wp-content\plugins\woocommerce\includes\shortcodes\class-wc-shortcode-checkout.php(294): wc_get_template('checkout/form-c...', Array)
#6 C:\xampp2\htdocs\bookflight.com\wp-content\plugins\woocommerce\includ in C:\xampp2\htdocs\bookflight.com\wp-content\themes\betheme-child\functions.php on line 71

2020-05-10T07:01:05+00:00 CRITICAL Uncaught Error: Call to a member function get_name() on null in C:\xampp2\htdocs\bookflight.com\wp-content\themes\betheme-child\functions.php:85
Stack trace:
#0 C:\xampp2\htdocs\bookflight.com\wp-includes\class-wp-hook.php(287): remove_checkout_field(Array)
#1 C:\xampp2\htdocs\bookflight.com\wp-includes\plugin.php(206): WP_Hook->apply_filters(Array, Array)
#2 C:\xampp2\htdocs\bookflight.com\wp-content\plugins\woocommerce\includes\class-wc-checkout.php(265): apply_filters('woocommerce_che...', Array)
#3 C:\xampp2\htdocs\bookflight.com\wp-content\plugins\woocommerce\templates\checkout\form-checkout.php(34): WC_Checkout->get_checkout_fields()
#4 C:\xampp2\htdocs\bookflight.com\wp-content\plugins\woocommerce\includes\wc-core-functions.php(251): include('C:\\xampp2\\htdoc...')
#5 C:\xampp2\htdocs\bookflight.com\wp-content\plugins\woocommerce\includes\shortcodes\class-wc-shortcode-checkout.php(294): wc_get_template('checkout/form-c...', Array)
#6 C:\xampp2\htdocs\bookflight.com\wp-content\plugins\woocommerce\includ in C:\xampp2\htdocs\bookflight.com\wp-content\themes\betheme-child\functions.php on line 85

2020-05-10T07:01:17+00:00 CRITICAL Uncaught Error: Call to a member function get_name() on null in C:\xampp2\htdocs\bookflight.com\wp-content\themes\betheme-child\functions.php:71
Stack trace:
#0 C:\xampp2\htdocs\bookflight.com\wp-includes\class-wp-hook.php(287): remove_checkout_field(Array)
#1 C:\xampp2\htdocs\bookflight.com\wp-includes\plugin.php(206): WP_Hook->apply_filters(Array, Array)
#2 C:\xampp2\htdocs\bookflight.com\wp-content\plugins\woocommerce\includes\class-wc-checkout.php(265): apply_filters('woocommerce_che...', Array)
#3 C:\xampp2\htdocs\bookflight.com\wp-content\plugins\woocommerce\templates\checkout\form-checkout.php(34): WC_Checkout->get_checkout_fields()
#4 C:\xampp2\htdocs\bookflight.com\wp-content\plugins\woocommerce\includes\wc-core-functions.php(251): include('C:\\xampp2\\htdoc...')
#5 C:\xampp2\htdocs\bookflight.com\wp-content\plugins\woocommerce\includes\shortcodes\class-wc-shortcode-checkout.php(294): wc_get_template('checkout/form-c...', Array)
#6 C:\xampp2\htdocs\bookflight.com\wp-content\plugins\woocommerce\includ in C:\xampp2\htdocs\bookflight.com\wp-content\themes\betheme-child\functions.php on line 71

2020-05-10T07:01:52+00:00 CRITICAL Uncaught Error: Call to a member function get_name() on null in C:\xampp2\htdocs\bookflight.com\wp-content\themes\betheme-child\functions.php:71
Stack trace:
#0 C:\xampp2\htdocs\bookflight.com\wp-includes\class-wp-hook.php(287): remove_checkout_field(Array)
#1 C:\xampp2\htdocs\bookflight.com\wp-includes\plugin.php(206): WP_Hook->apply_filters(Array, Array)
#2 C:\xampp2\htdocs\bookflight.com\wp-content\plugins\woocommerce\includes\class-wc-checkout.php(265): apply_filters('woocommerce_che...', Array)
#3 C:\xampp2\htdocs\bookflight.com\wp-content\plugins\woocommerce\templates\checkout\form-checkout.php(34): WC_Checkout->get_checkout_fields()
#4 C:\xampp2\htdocs\bookflight.com\wp-content\plugins\woocommerce\includes\wc-core-functions.php(251): include('C:\\xampp2\\htdoc...')
#5 C:\xampp2\htdocs\bookflight.com\wp-content\plugins\woocommerce\includes\shortcodes\class-wc-shortcode-checkout.php(294): wc_get_template('checkout/form-c...', Array)
#6 C:\xampp2\htdocs\bookflight.com\wp-content\plugins\woocommerce\includ in C:\xampp2\htdocs\bookflight.com\wp-content\themes\betheme-child\functions.php on line 71

2020-05-10T07:03:32+00:00 CRITICAL Uncaught Error: Call to a member function get_name() on null in C:\xampp2\htdocs\bookflight.com\wp-content\themes\betheme-child\functions.php:71
Stack trace:
#0 C:\xampp2\htdocs\bookflight.com\wp-includes\class-wp-hook.php(287): remove_checkout_field(Array)
#1 C:\xampp2\htdocs\bookflight.com\wp-includes\plugin.php(206): WP_Hook->apply_filters(Array, Array)
#2 C:\xampp2\htdocs\bookflight.com\wp-content\plugins\woocommerce\includes\class-wc-checkout.php(265): apply_filters('woocommerce_che...', Array)
#3 C:\xampp2\htdocs\bookflight.com\wp-content\plugins\woocommerce\templates\checkout\form-checkout.php(34): WC_Checkout->get_checkout_fields()
#4 C:\xampp2\htdocs\bookflight.com\wp-content\plugins\woocommerce\includes\wc-core-functions.php(251): include('C:\\xampp2\\htdoc...')
#5 C:\xampp2\htdocs\bookflight.com\wp-content\plugins\woocommerce\includes\shortcodes\class-wc-shortcode-checkout.php(294): wc_get_template('checkout/form-c...', Array)
#6 C:\xampp2\htdocs\bookflight.com\wp-content\plugins\woocommerce\includ in C:\xampp2\htdocs\bookflight.com\wp-content\themes\betheme-child\functions.php on line 71

2020-05-10T07:03:40+00:00 CRITICAL Uncaught Error: Call to a member function get_name() on null in C:\xampp2\htdocs\bookflight.com\wp-content\themes\betheme-child\functions.php:71
Stack trace:
#0 C:\xampp2\htdocs\bookflight.com\wp-includes\class-wp-hook.php(287): remove_checkout_field(Array)
#1 C:\xampp2\htdocs\bookflight.com\wp-includes\plugin.php(206): WP_Hook->apply_filters(Array, Array)
#2 C:\xampp2\htdocs\bookflight.com\wp-content\plugins\woocommerce\includes\class-wc-checkout.php(265): apply_filters('woocommerce_che...', Array)
#3 C:\xampp2\htdocs\bookflight.com\wp-content\plugins\woocommerce\templates\checkout\form-checkout.php(34): WC_Checkout->get_checkout_fields()
#4 C:\xampp2\htdocs\bookflight.com\wp-content\plugins\woocommerce\includes\wc-core-functions.php(251): include('C:\\xampp2\\htdoc...')
#5 C:\xampp2\htdocs\bookflight.com\wp-content\plugins\woocommerce\includes\shortcodes\class-wc-shortcode-checkout.php(294): wc_get_template('checkout/form-c...', Array)
#6 C:\xampp2\htdocs\bookflight.com\wp-content\plugins\woocommerce\includ in C:\xampp2\htdocs\bookflight.com\wp-content\themes\betheme-child\functions.php on line 71

2020-05-10T07:04:28+00:00 CRITICAL Uncaught Error: Call to a member function get_name() on null in C:\xampp2\htdocs\bookflight.com\wp-content\themes\betheme-child\functions.php:71
Stack trace:
#0 C:\xampp2\htdocs\bookflight.com\wp-includes\class-wp-hook.php(287): remove_checkout_field(Array)
#1 C:\xampp2\htdocs\bookflight.com\wp-includes\plugin.php(206): WP_Hook->apply_filters(Array, Array)
#2 C:\xampp2\htdocs\bookflight.com\wp-content\plugins\woocommerce\includes\class-wc-checkout.php(265): apply_filters('woocommerce_che...', Array)
#3 C:\xampp2\htdocs\bookflight.com\wp-content\plugins\woocommerce\templates\checkout\form-checkout.php(34): WC_Checkout->get_checkout_fields()
#4 C:\xampp2\htdocs\bookflight.com\wp-content\plugins\woocommerce\includes\wc-core-functions.php(251): include('C:\\xampp2\\htdoc...')
#5 C:\xampp2\htdocs\bookflight.com\wp-content\plugins\woocommerce\includes\shortcodes\class-wc-shortcode-checkout.php(294): wc_get_template('checkout/form-c...', Array)
#6 C:\xampp2\htdocs\bookflight.com\wp-content\plugins\woocommerce\includ in C:\xampp2\htdocs\bookflight.com\wp-content\themes\betheme-child\functions.php on line 71

2020-05-10T07:05:26+00:00 CRITICAL Uncaught Error: Call to a member function get_name() on null in C:\xampp2\htdocs\bookflight.com\wp-content\themes\betheme-child\functions.php:71
Stack trace:
#0 C:\xampp2\htdocs\bookflight.com\wp-includes\class-wp-hook.php(287): remove_checkout_field(Array)
#1 C:\xampp2\htdocs\bookflight.com\wp-includes\plugin.php(206): WP_Hook->apply_filters(Array, Array)
#2 C:\xampp2\htdocs\bookflight.com\wp-content\plugins\woocommerce\includes\class-wc-checkout.php(265): apply_filters('woocommerce_che...', Array)
#3 C:\xampp2\htdocs\bookflight.com\wp-content\plugins\woocommerce\templates\checkout\form-checkout.php(34): WC_Checkout->get_checkout_fields()
#4 C:\xampp2\htdocs\bookflight.com\wp-content\plugins\woocommerce\includes\wc-core-functions.php(251): include('C:\\xampp2\\htdoc...')
#5 C:\xampp2\htdocs\bookflight.com\wp-content\plugins\woocommerce\includes\shortcodes\class-wc-shortcode-checkout.php(294): wc_get_template('checkout/form-c...', Array)
#6 C:\xampp2\htdocs\bookflight.com\wp-content\plugins\woocommerce\includ in C:\xampp2\htdocs\bookflight.com\wp-content\themes\betheme-child\functions.php on line 71

2020-05-10T07:07:30+00:00 CRITICAL Uncaught Error: Call to a member function get_type() on boolean in C:\xampp2\htdocs\bookflight.com\wp-content\themes\betheme-child\functions.php:75
Stack trace:
#0 C:\xampp2\htdocs\bookflight.com\wp-includes\class-wp-hook.php(287): remove_checkout_field(Array)
#1 C:\xampp2\htdocs\bookflight.com\wp-includes\plugin.php(206): WP_Hook->apply_filters(Array, Array)
#2 C:\xampp2\htdocs\bookflight.com\wp-content\plugins\woocommerce\includes\class-wc-checkout.php(265): apply_filters('woocommerce_che...', Array)
#3 C:\xampp2\htdocs\bookflight.com\wp-content\plugins\woocommerce\templates\checkout\form-checkout.php(34): WC_Checkout->get_checkout_fields()
#4 C:\xampp2\htdocs\bookflight.com\wp-content\plugins\woocommerce\includes\wc-core-functions.php(251): include('C:\\xampp2\\htdoc...')
#5 C:\xampp2\htdocs\bookflight.com\wp-content\plugins\woocommerce\includes\shortcodes\class-wc-shortcode-checkout.php(294): wc_get_template('checkout/form-c...', Array)
#6 C:\xampp2\htdocs\bookflight.com\wp-content\plugins\woocommerce\inc in C:\xampp2\htdocs\bookflight.com\wp-content\themes\betheme-child\functions.php on line 75

2020-05-10T07:09:59+00:00 CRITICAL Uncaught Error: Call to a member function get_name() on null in C:\xampp2\htdocs\bookflight.com\wp-content\themes\betheme-child\functions.php:75
Stack trace:
#0 C:\xampp2\htdocs\bookflight.com\wp-includes\class-wp-hook.php(287): remove_checkout_field(Array)
#1 C:\xampp2\htdocs\bookflight.com\wp-includes\plugin.php(206): WP_Hook->apply_filters(Array, Array)
#2 C:\xampp2\htdocs\bookflight.com\wp-content\plugins\woocommerce\includes\class-wc-checkout.php(265): apply_filters('woocommerce_che...', Array)
#3 C:\xampp2\htdocs\bookflight.com\wp-content\plugins\woocommerce\templates\checkout\form-checkout.php(34): WC_Checkout->get_checkout_fields()
#4 C:\xampp2\htdocs\bookflight.com\wp-content\plugins\woocommerce\includes\wc-core-functions.php(251): include('C:\\xampp2\\htdoc...')
#5 C:\xampp2\htdocs\bookflight.com\wp-content\plugins\woocommerce\includes\shortcodes\class-wc-shortcode-checkout.php(294): wc_get_template('checkout/form-c...', Array)
#6 C:\xampp2\htdocs\bookflight.com\wp-content\plugins\woocommerce\includ in C:\xampp2\htdocs\bookflight.com\wp-content\themes\betheme-child\functions.php on line 75

2020-05-10T07:11:41+00:00 CRITICAL Uncaught Error: Call to a member function get_attributes() on null in C:\xampp2\htdocs\bookflight.com\wp-content\themes\betheme-child\functions.php:70
Stack trace:
#0 C:\xampp2\htdocs\bookflight.com\wp-includes\class-wp-hook.php(287): remove_checkout_field(Array)
#1 C:\xampp2\htdocs\bookflight.com\wp-includes\plugin.php(206): WP_Hook->apply_filters(Array, Array)
#2 C:\xampp2\htdocs\bookflight.com\wp-content\plugins\woocommerce\includes\class-wc-checkout.php(265): apply_filters('woocommerce_che...', Array)
#3 C:\xampp2\htdocs\bookflight.com\wp-content\plugins\woocommerce\templates\checkout\form-checkout.php(34): WC_Checkout->get_checkout_fields()
#4 C:\xampp2\htdocs\bookflight.com\wp-content\plugins\woocommerce\includes\wc-core-functions.php(251): include('C:\\xampp2\\htdoc...')
#5 C:\xampp2\htdocs\bookflight.com\wp-content\plugins\woocommerce\includes\shortcodes\class-wc-shortcode-checkout.php(294): wc_get_template('checkout/form-c...', Array)
#6 C:\xampp2\htdocs\bookflight.com\wp-content\plugins\woocommerce\ in C:\xampp2\htdocs\bookflight.com\wp-content\themes\betheme-child\functions.php on line 70

2020-05-10T07:13:15+00:00 CRITICAL syntax error, unexpected '=>' (T_DOUBLE_ARROW) in C:\xampp2\htdocs\bookflight.com\wp-content\themes\betheme-child\functions.php on line 69

2020-05-10T07:13:26+00:00 CRITICAL Uncaught Error: Call to a member function get_attributes() on null in C:\xampp2\htdocs\bookflight.com\wp-content\themes\betheme-child\functions.php:69
Stack trace:
#0 C:\xampp2\htdocs\bookflight.com\wp-includes\class-wp-hook.php(287): remove_checkout_field(Array)
#1 C:\xampp2\htdocs\bookflight.com\wp-includes\plugin.php(206): WP_Hook->apply_filters(Array, Array)
#2 C:\xampp2\htdocs\bookflight.com\wp-content\plugins\woocommerce\includes\class-wc-checkout.php(265): apply_filters('woocommerce_che...', Array)
#3 C:\xampp2\htdocs\bookflight.com\wp-content\plugins\woocommerce\templates\checkout\form-checkout.php(34): WC_Checkout->get_checkout_fields()
#4 C:\xampp2\htdocs\bookflight.com\wp-content\plugins\woocommerce\includes\wc-core-functions.php(251): include('C:\\xampp2\\htdoc...')
#5 C:\xampp2\htdocs\bookflight.com\wp-content\plugins\woocommerce\includes\shortcodes\class-wc-shortcode-checkout.php(294): wc_get_template('checkout/form-c...', Array)
#6 C:\xampp2\htdocs\bookflight.com\wp-content\plugins\woocommerce\ in C:\xampp2\htdocs\bookflight.com\wp-content\themes\betheme-child\functions.php on line 69

2020-05-10T07:13:54+00:00 CRITICAL Uncaught Error: Call to a member function get_attributes() on null in C:\xampp2\htdocs\bookflight.com\wp-content\themes\betheme-child\functions.php:70
Stack trace:
#0 C:\xampp2\htdocs\bookflight.com\wp-includes\class-wp-hook.php(287): remove_checkout_field(Array)
#1 C:\xampp2\htdocs\bookflight.com\wp-includes\plugin.php(206): WP_Hook->apply_filters(Array, Array)
#2 C:\xampp2\htdocs\bookflight.com\wp-content\plugins\woocommerce\includes\class-wc-checkout.php(265): apply_filters('woocommerce_che...', Array)
#3 C:\xampp2\htdocs\bookflight.com\wp-content\plugins\woocommerce\templates\checkout\form-checkout.php(34): WC_Checkout->get_checkout_fields()
#4 C:\xampp2\htdocs\bookflight.com\wp-content\plugins\woocommerce\includes\wc-core-functions.php(251): include('C:\\xampp2\\htdoc...')
#5 C:\xampp2\htdocs\bookflight.com\wp-content\plugins\woocommerce\includes\shortcodes\class-wc-shortcode-checkout.php(294): wc_get_template('checkout/form-c...', Array)
#6 C:\xampp2\htdocs\bookflight.com\wp-content\plugins\woocommerce\ in C:\xampp2\htdocs\bookflight.com\wp-content\themes\betheme-child\functions.php on line 70

2020-05-10T07:14:46+00:00 CRITICAL Uncaught Error: Call to a member function get_attributes() on null in C:\xampp2\htdocs\bookflight.com\wp-content\themes\betheme-child\functions.php:70
Stack trace:
#0 C:\xampp2\htdocs\bookflight.com\wp-includes\class-wp-hook.php(287): remove_checkout_field(Array)
#1 C:\xampp2\htdocs\bookflight.com\wp-includes\plugin.php(206): WP_Hook->apply_filters(Array, Array)
#2 C:\xampp2\htdocs\bookflight.com\wp-content\plugins\woocommerce\includes\class-wc-checkout.php(265): apply_filters('woocommerce_che...', Array)
#3 C:\xampp2\htdocs\bookflight.com\wp-content\plugins\woocommerce\templates\checkout\form-checkout.php(34): WC_Checkout->get_checkout_fields()
#4 C:\xampp2\htdocs\bookflight.com\wp-content\plugins\woocommerce\includes\wc-core-functions.php(251): include('C:\\xampp2\\htdoc...')
#5 C:\xampp2\htdocs\bookflight.com\wp-content\plugins\woocommerce\includes\shortcodes\class-wc-shortcode-checkout.php(294): wc_get_template('checkout/form-c...', Array)
#6 C:\xampp2\htdocs\bookflight.com\wp-content\plugins\woocommerce\ in C:\xampp2\htdocs\bookflight.com\wp-content\themes\betheme-child\functions.php on line 70

2020-05-10T07:15:23+00:00 CRITICAL Uncaught Error: Call to a member function get_attributes() on null in C:\xampp2\htdocs\bookflight.com\wp-content\themes\betheme-child\functions.php:70
Stack trace:
#0 C:\xampp2\htdocs\bookflight.com\wp-includes\class-wp-hook.php(287): remove_checkout_field(Array)
#1 C:\xampp2\htdocs\bookflight.com\wp-includes\plugin.php(206): WP_Hook->apply_filters(Array, Array)
#2 C:\xampp2\htdocs\bookflight.com\wp-content\plugins\woocommerce\includes\class-wc-checkout.php(265): apply_filters('woocommerce_che...', Array)
#3 C:\xampp2\htdocs\bookflight.com\wp-content\plugins\woocommerce\templates\checkout\form-checkout.php(34): WC_Checkout->get_checkout_fields()
#4 C:\xampp2\htdocs\bookflight.com\wp-content\plugins\woocommerce\includes\wc-core-functions.php(251): include('C:\\xampp2\\htdoc...')
#5 C:\xampp2\htdocs\bookflight.com\wp-content\plugins\woocommerce\includes\shortcodes\class-wc-shortcode-checkout.php(294): wc_get_template('checkout/form-c...', Array)
#6 C:\xampp2\htdocs\bookflight.com\wp-content\plugins\woocommerce\ in C:\xampp2\htdocs\bookflight.com\wp-content\themes\betheme-child\functions.php on line 70

2020-05-10T07:16:41+00:00 CRITICAL Uncaught Error: Call to a member function get_attributes() on boolean in C:\xampp2\htdocs\bookflight.com\wp-content\themes\betheme-child\functions.php:71
Stack trace:
#0 C:\xampp2\htdocs\bookflight.com\wp-includes\class-wp-hook.php(287): remove_checkout_field(Array)
#1 C:\xampp2\htdocs\bookflight.com\wp-includes\plugin.php(206): WP_Hook->apply_filters(Array, Array)
#2 C:\xampp2\htdocs\bookflight.com\wp-content\plugins\woocommerce\includes\class-wc-checkout.php(265): apply_filters('woocommerce_che...', Array)
#3 C:\xampp2\htdocs\bookflight.com\wp-content\plugins\woocommerce\templates\checkout\form-checkout.php(34): WC_Checkout->get_checkout_fields()
#4 C:\xampp2\htdocs\bookflight.com\wp-content\plugins\woocommerce\includes\wc-core-functions.php(251): include('C:\\xampp2\\htdoc...')
#5 C:\xampp2\htdocs\bookflight.com\wp-content\plugins\woocommerce\includes\shortcodes\class-wc-shortcode-checkout.php(294): wc_get_template('checkout/form-c...', Array)
#6 C:\xampp2\htdocs\bookflight.com\wp-content\plugins\woocommer in C:\xampp2\htdocs\bookflight.com\wp-content\themes\betheme-child\functions.php on line 71

2020-05-10T07:16:54+00:00 CRITICAL Uncaught Error: Call to a member function get_attributes() on boolean in C:\xampp2\htdocs\bookflight.com\wp-content\themes\betheme-child\functions.php:71
Stack trace:
#0 C:\xampp2\htdocs\bookflight.com\wp-includes\class-wp-hook.php(287): remove_checkout_field(Array)
#1 C:\xampp2\htdocs\bookflight.com\wp-includes\plugin.php(206): WP_Hook->apply_filters(Array, Array)
#2 C:\xampp2\htdocs\bookflight.com\wp-content\plugins\woocommerce\includes\class-wc-checkout.php(265): apply_filters('woocommerce_che...', Array)
#3 C:\xampp2\htdocs\bookflight.com\wp-content\plugins\woocommerce\templates\checkout\form-checkout.php(34): WC_Checkout->get_checkout_fields()
#4 C:\xampp2\htdocs\bookflight.com\wp-content\plugins\woocommerce\includes\wc-core-functions.php(251): include('C:\\xampp2\\htdoc...')
#5 C:\xampp2\htdocs\bookflight.com\wp-content\plugins\woocommerce\includes\shortcodes\class-wc-shortcode-checkout.php(294): wc_get_template('checkout/form-c...', Array)
#6 C:\xampp2\htdocs\bookflight.com\wp-content\plugins\woocommer in C:\xampp2\htdocs\bookflight.com\wp-content\themes\betheme-child\functions.php on line 71

2020-05-10T07:17:51+00:00 CRITICAL Uncaught Error: Call to a member function get_name() on null in C:\xampp2\htdocs\bookflight.com\wp-content\themes\betheme-child\functions.php:70
Stack trace:
#0 C:\xampp2\htdocs\bookflight.com\wp-includes\class-wp-hook.php(287): remove_checkout_field(Array)
#1 C:\xampp2\htdocs\bookflight.com\wp-includes\plugin.php(206): WP_Hook->apply_filters(Array, Array)
#2 C:\xampp2\htdocs\bookflight.com\wp-content\plugins\woocommerce\includes\class-wc-checkout.php(265): apply_filters('woocommerce_che...', Array)
#3 C:\xampp2\htdocs\bookflight.com\wp-content\plugins\woocommerce\templates\checkout\form-checkout.php(34): WC_Checkout->get_checkout_fields()
#4 C:\xampp2\htdocs\bookflight.com\wp-content\plugins\woocommerce\includes\wc-core-functions.php(251): include('C:\\xampp2\\htdoc...')
#5 C:\xampp2\htdocs\bookflight.com\wp-content\plugins\woocommerce\includes\shortcodes\class-wc-shortcode-checkout.php(294): wc_get_template('checkout/form-c...', Array)
#6 C:\xampp2\htdocs\bookflight.com\wp-content\plugins\woocommerce\includ in C:\xampp2\htdocs\bookflight.com\wp-content\themes\betheme-child\functions.php on line 70

2020-05-10T07:18:46+00:00 CRITICAL Uncaught Error: Call to a member function get_name() on null in C:\xampp2\htdocs\bookflight.com\wp-content\themes\betheme-child\functions.php:70
Stack trace:
#0 C:\xampp2\htdocs\bookflight.com\wp-includes\class-wp-hook.php(287): remove_checkout_field(Array)
#1 C:\xampp2\htdocs\bookflight.com\wp-includes\plugin.php(206): WP_Hook->apply_filters(Array, Array)
#2 C:\xampp2\htdocs\bookflight.com\wp-content\plugins\woocommerce\includes\class-wc-checkout.php(265): apply_filters('woocommerce_che...', Array)
#3 C:\xampp2\htdocs\bookflight.com\wp-content\plugins\woocommerce\templates\checkout\form-checkout.php(34): WC_Checkout->get_checkout_fields()
#4 C:\xampp2\htdocs\bookflight.com\wp-content\plugins\woocommerce\includes\wc-core-functions.php(251): include('C:\\xampp2\\htdoc...')
#5 C:\xampp2\htdocs\bookflight.com\wp-content\plugins\woocommerce\includes\shortcodes\class-wc-shortcode-checkout.php(294): wc_get_template('checkout/form-c...', Array)
#6 C:\xampp2\htdocs\bookflight.com\wp-content\plugins\woocommerce\includ in C:\xampp2\htdocs\bookflight.com\wp-content\themes\betheme-child\functions.php on line 70

2020-05-10T07:28:16+00:00 CRITICAL syntax error, unexpected 'product_id' (T_STRING), expecting ',' or ')' in C:\xampp2\htdocs\bookflight.com\wp-content\themes\betheme-child\functions.php on line 88

2020-05-10T07:43:02+00:00 CRITICAL syntax error, unexpected '.' in C:\xampp2\htdocs\bookflight.com\wp-content\themes\betheme-child\functions.php on line 78

2020-05-10T07:47:42+00:00 CRITICAL Uncaught Error: Function name must be a string in C:\xampp2\htdocs\bookflight.com\wp-content\themes\betheme-child\functions.php:78
Stack trace:
#0 C:\xampp2\htdocs\bookflight.com\wp-includes\class-wp-hook.php(287): remove_checkout_field(Array)
#1 C:\xampp2\htdocs\bookflight.com\wp-includes\plugin.php(206): WP_Hook->apply_filters(Array, Array)
#2 C:\xampp2\htdocs\bookflight.com\wp-content\plugins\woocommerce\includes\class-wc-checkout.php(265): apply_filters('woocommerce_che...', Array)
#3 C:\xampp2\htdocs\bookflight.com\wp-content\plugins\woocommerce\templates\checkout\form-checkout.php(34): WC_Checkout->get_checkout_fields()
#4 C:\xampp2\htdocs\bookflight.com\wp-content\plugins\woocommerce\includes\wc-core-functions.php(251): include('C:\\xampp2\\htdoc...')
#5 C:\xampp2\htdocs\bookflight.com\wp-content\plugins\woocommerce\includes\shortcodes\class-wc-shortcode-checkout.php(294): wc_get_template('checkout/form-c...', Array)
#6 C:\xampp2\htdocs\bookflight.com\wp-content\plugins\woocommerce\includes\shortcodes\ in C:\xampp2\htdocs\bookflight.com\wp-content\themes\betheme-child\functions.php on line 78

2020-05-10T07:57:17+00:00 CRITICAL Uncaught Error: Call to undefined method WC_Product_Variation::get_attr() in C:\xampp2\htdocs\bookflight.com\wp-content\themes\betheme-child\functions.php:75
Stack trace:
#0 C:\xampp2\htdocs\bookflight.com\wp-includes\class-wp-hook.php(287): remove_checkout_field(Array)
#1 C:\xampp2\htdocs\bookflight.com\wp-includes\plugin.php(206): WP_Hook->apply_filters(Array, Array)
#2 C:\xampp2\htdocs\bookflight.com\wp-content\plugins\woocommerce\includes\class-wc-checkout.php(265): apply_filters('woocommerce_che...', Array)
#3 C:\xampp2\htdocs\bookflight.com\wp-content\plugins\woocommerce\templates\checkout\form-checkout.php(34): WC_Checkout->get_checkout_fields()
#4 C:\xampp2\htdocs\bookflight.com\wp-content\plugins\woocommerce\includes\wc-core-functions.php(251): include('C:\\xampp2\\htdoc...')
#5 C:\xampp2\htdocs\bookflight.com\wp-content\plugins\woocommerce\includes\shortcodes\class-wc-shortcode-checkout.php(294): wc_get_template('checkout/form-c...', Array)
#6 C:\xampp2\htdocs\bookflight.com\wp-content\plugins\wooco in C:\xampp2\htdocs\bookflight.com\wp-content\themes\betheme-child\functions.php on line 75

2020-05-10T08:01:01+00:00 CRITICAL Uncaught Error: Call to a member function get_attributes() on null in C:\xampp2\htdocs\bookflight.com\wp-content\themes\betheme-child\functions.php:72
Stack trace:
#0 C:\xampp2\htdocs\bookflight.com\wp-includes\class-wp-hook.php(287): remove_checkout_field(Array)
#1 C:\xampp2\htdocs\bookflight.com\wp-includes\plugin.php(206): WP_Hook->apply_filters(Array, Array)
#2 C:\xampp2\htdocs\bookflight.com\wp-content\plugins\woocommerce\includes\class-wc-checkout.php(265): apply_filters('woocommerce_che...', Array)
#3 C:\xampp2\htdocs\bookflight.com\wp-content\plugins\woocommerce\templates\checkout\form-checkout.php(34): WC_Checkout->get_checkout_fields()
#4 C:\xampp2\htdocs\bookflight.com\wp-content\plugins\woocommerce\includes\wc-core-functions.php(251): include('C:\\xampp2\\htdoc...')
#5 C:\xampp2\htdocs\bookflight.com\wp-content\plugins\woocommerce\includes\shortcodes\class-wc-shortcode-checkout.php(294): wc_get_template('checkout/form-c...', Array)
#6 C:\xampp2\htdocs\bookflight.com\wp-content\plugins\woocommerce\ in C:\xampp2\htdocs\bookflight.com\wp-content\themes\betheme-child\functions.php on line 72

2020-05-10T08:01:26+00:00 CRITICAL Uncaught Error: Call to a member function get_attributes() on null in C:\xampp2\htdocs\bookflight.com\wp-content\themes\betheme-child\functions.php:72
Stack trace:
#0 C:\xampp2\htdocs\bookflight.com\wp-includes\class-wp-hook.php(287): remove_checkout_field(Array)
#1 C:\xampp2\htdocs\bookflight.com\wp-includes\plugin.php(206): WP_Hook->apply_filters(Array, Array)
#2 C:\xampp2\htdocs\bookflight.com\wp-content\plugins\woocommerce\includes\class-wc-checkout.php(265): apply_filters('woocommerce_che...', Array)
#3 C:\xampp2\htdocs\bookflight.com\wp-content\plugins\woocommerce\templates\checkout\form-checkout.php(34): WC_Checkout->get_checkout_fields()
#4 C:\xampp2\htdocs\bookflight.com\wp-content\plugins\woocommerce\includes\wc-core-functions.php(251): include('C:\\xampp2\\htdoc...')
#5 C:\xampp2\htdocs\bookflight.com\wp-content\plugins\woocommerce\includes\shortcodes\class-wc-shortcode-checkout.php(294): wc_get_template('checkout/form-c...', Array)
#6 C:\xampp2\htdocs\bookflight.com\wp-content\plugins\woocommerce\ in C:\xampp2\htdocs\bookflight.com\wp-content\themes\betheme-child\functions.php on line 72

2020-05-10T08:01:53+00:00 CRITICAL Uncaught Error: Call to a member function get_attributes() on null in C:\xampp2\htdocs\bookflight.com\wp-content\themes\betheme-child\functions.php:72
Stack trace:
#0 C:\xampp2\htdocs\bookflight.com\wp-includes\class-wp-hook.php(287): remove_checkout_field(Array)
#1 C:\xampp2\htdocs\bookflight.com\wp-includes\plugin.php(206): WP_Hook->apply_filters(Array, Array)
#2 C:\xampp2\htdocs\bookflight.com\wp-content\plugins\woocommerce\includes\class-wc-checkout.php(265): apply_filters('woocommerce_che...', Array)
#3 C:\xampp2\htdocs\bookflight.com\wp-content\plugins\woocommerce\templates\checkout\form-checkout.php(34): WC_Checkout->get_checkout_fields()
#4 C:\xampp2\htdocs\bookflight.com\wp-content\plugins\woocommerce\includes\wc-core-functions.php(251): include('C:\\xampp2\\htdoc...')
#5 C:\xampp2\htdocs\bookflight.com\wp-content\plugins\woocommerce\includes\shortcodes\class-wc-shortcode-checkout.php(294): wc_get_template('checkout/form-c...', Array)
#6 C:\xampp2\htdocs\bookflight.com\wp-content\plugins\woocommerce\ in C:\xampp2\htdocs\bookflight.com\wp-content\themes\betheme-child\functions.php on line 72

2020-05-10T08:02:14+00:00 CRITICAL Uncaught Error: Call to a member function get_attributes() on null in C:\xampp2\htdocs\bookflight.com\wp-content\themes\betheme-child\functions.php:72
Stack trace:
#0 C:\xampp2\htdocs\bookflight.com\wp-includes\class-wp-hook.php(287): remove_checkout_field(Array)
#1 C:\xampp2\htdocs\bookflight.com\wp-includes\plugin.php(206): WP_Hook->apply_filters(Array, Array)
#2 C:\xampp2\htdocs\bookflight.com\wp-content\plugins\woocommerce\includes\class-wc-checkout.php(265): apply_filters('woocommerce_che...', Array)
#3 C:\xampp2\htdocs\bookflight.com\wp-content\plugins\woocommerce\templates\checkout\form-checkout.php(34): WC_Checkout->get_checkout_fields()
#4 C:\xampp2\htdocs\bookflight.com\wp-content\plugins\woocommerce\includes\wc-core-functions.php(251): include('C:\\xampp2\\htdoc...')
#5 C:\xampp2\htdocs\bookflight.com\wp-content\plugins\woocommerce\includes\shortcodes\class-wc-shortcode-checkout.php(294): wc_get_template('checkout/form-c...', Array)
#6 C:\xampp2\htdocs\bookflight.com\wp-content\plugins\woocommerce\ in C:\xampp2\htdocs\bookflight.com\wp-content\themes\betheme-child\functions.php on line 72

2020-05-10T08:02:39+00:00 CRITICAL Uncaught Error: Call to a member function get_attributes() on null in C:\xampp2\htdocs\bookflight.com\wp-content\themes\betheme-child\functions.php:72
Stack trace:
#0 C:\xampp2\htdocs\bookflight.com\wp-includes\class-wp-hook.php(287): remove_checkout_field(Array)
#1 C:\xampp2\htdocs\bookflight.com\wp-includes\plugin.php(206): WP_Hook->apply_filters(Array, Array)
#2 C:\xampp2\htdocs\bookflight.com\wp-content\plugins\woocommerce\includes\class-wc-checkout.php(265): apply_filters('woocommerce_che...', Array)
#3 C:\xampp2\htdocs\bookflight.com\wp-content\plugins\woocommerce\templates\checkout\form-checkout.php(34): WC_Checkout->get_checkout_fields()
#4 C:\xampp2\htdocs\bookflight.com\wp-content\plugins\woocommerce\includes\wc-core-functions.php(251): include('C:\\xampp2\\htdoc...')
#5 C:\xampp2\htdocs\bookflight.com\wp-content\plugins\woocommerce\includes\shortcodes\class-wc-shortcode-checkout.php(294): wc_get_template('checkout/form-c...', Array)
#6 C:\xampp2\htdocs\bookflight.com\wp-content\plugins\woocommerce\ in C:\xampp2\htdocs\bookflight.com\wp-content\themes\betheme-child\functions.php on line 72

2020-05-10T08:03:29+00:00 CRITICAL Uncaught Error: Call to a member function get_attributes() on null in C:\xampp2\htdocs\bookflight.com\wp-content\themes\betheme-child\functions.php:72
Stack trace:
#0 C:\xampp2\htdocs\bookflight.com\wp-includes\class-wp-hook.php(287): remove_checkout_field(Array)
#1 C:\xampp2\htdocs\bookflight.com\wp-includes\plugin.php(206): WP_Hook->apply_filters(Array, Array)
#2 C:\xampp2\htdocs\bookflight.com\wp-content\plugins\woocommerce\includes\class-wc-checkout.php(265): apply_filters('woocommerce_che...', Array)
#3 C:\xampp2\htdocs\bookflight.com\wp-content\plugins\woocommerce\templates\checkout\form-checkout.php(34): WC_Checkout->get_checkout_fields()
#4 C:\xampp2\htdocs\bookflight.com\wp-content\plugins\woocommerce\includes\wc-core-functions.php(251): include('C:\\xampp2\\htdoc...')
#5 C:\xampp2\htdocs\bookflight.com\wp-content\plugins\woocommerce\includes\shortcodes\class-wc-shortcode-checkout.php(294): wc_get_template('checkout/form-c...', Array)
#6 C:\xampp2\htdocs\bookflight.com\wp-content\plugins\woocommerce\ in C:\xampp2\htdocs\bookflight.com\wp-content\themes\betheme-child\functions.php on line 72

2020-05-10T08:03:44+00:00 CRITICAL Uncaught Error: Call to a member function get_attributes() on null in C:\xampp2\htdocs\bookflight.com\wp-content\themes\betheme-child\functions.php:72
Stack trace:
#0 C:\xampp2\htdocs\bookflight.com\wp-includes\class-wp-hook.php(287): remove_checkout_field(Array)
#1 C:\xampp2\htdocs\bookflight.com\wp-includes\plugin.php(206): WP_Hook->apply_filters(Array, Array)
#2 C:\xampp2\htdocs\bookflight.com\wp-content\plugins\woocommerce\includes\class-wc-checkout.php(265): apply_filters('woocommerce_che...', Array)
#3 C:\xampp2\htdocs\bookflight.com\wp-content\plugins\woocommerce\templates\checkout\form-checkout.php(34): WC_Checkout->get_checkout_fields()
#4 C:\xampp2\htdocs\bookflight.com\wp-content\plugins\woocommerce\includes\wc-core-functions.php(251): include('C:\\xampp2\\htdoc...')
#5 C:\xampp2\htdocs\bookflight.com\wp-content\plugins\woocommerce\includes\shortcodes\class-wc-shortcode-checkout.php(294): wc_get_template('checkout/form-c...', Array)
#6 C:\xampp2\htdocs\bookflight.com\wp-content\plugins\woocommerce\ in C:\xampp2\htdocs\bookflight.com\wp-content\themes\betheme-child\functions.php on line 72

2020-05-10T08:04:22+00:00 CRITICAL Uncaught Error: Call to a member function get_attributes() on null in C:\xampp2\htdocs\bookflight.com\wp-content\themes\betheme-child\functions.php:72
Stack trace:
#0 C:\xampp2\htdocs\bookflight.com\wp-includes\class-wp-hook.php(287): remove_checkout_field(Array)
#1 C:\xampp2\htdocs\bookflight.com\wp-includes\plugin.php(206): WP_Hook->apply_filters(Array, Array)
#2 C:\xampp2\htdocs\bookflight.com\wp-content\plugins\woocommerce\includes\class-wc-checkout.php(265): apply_filters('woocommerce_che...', Array)
#3 C:\xampp2\htdocs\bookflight.com\wp-content\plugins\woocommerce\templates\checkout\form-checkout.php(34): WC_Checkout->get_checkout_fields()
#4 C:\xampp2\htdocs\bookflight.com\wp-content\plugins\woocommerce\includes\wc-core-functions.php(251): include('C:\\xampp2\\htdoc...')
#5 C:\xampp2\htdocs\bookflight.com\wp-content\plugins\woocommerce\includes\shortcodes\class-wc-shortcode-checkout.php(294): wc_get_template('checkout/form-c...', Array)
#6 C:\xampp2\htdocs\bookflight.com\wp-content\plugins\woocommerce\ in C:\xampp2\htdocs\bookflight.com\wp-content\themes\betheme-child\functions.php on line 72

2020-05-10T08:08:26+00:00 CRITICAL Uncaught Error: Call to a member function get_attributes() on null in C:\xampp2\htdocs\bookflight.com\wp-content\themes\betheme-child\functions.php:72
Stack trace:
#0 C:\xampp2\htdocs\bookflight.com\wp-includes\class-wp-hook.php(287): remove_checkout_field(Array)
#1 C:\xampp2\htdocs\bookflight.com\wp-includes\plugin.php(206): WP_Hook->apply_filters(Array, Array)
#2 C:\xampp2\htdocs\bookflight.com\wp-content\plugins\woocommerce\includes\class-wc-checkout.php(265): apply_filters('woocommerce_che...', Array)
#3 C:\xampp2\htdocs\bookflight.com\wp-content\plugins\woocommerce\templates\checkout\form-checkout.php(34): WC_Checkout->get_checkout_fields()
#4 C:\xampp2\htdocs\bookflight.com\wp-content\plugins\woocommerce\includes\wc-core-functions.php(251): include('C:\\xampp2\\htdoc...')
#5 C:\xampp2\htdocs\bookflight.com\wp-content\plugins\woocommerce\includes\shortcodes\class-wc-shortcode-checkout.php(294): wc_get_template('checkout/form-c...', Array)
#6 C:\xampp2\htdocs\bookflight.com\wp-content\plugins\woocommerce\ in C:\xampp2\htdocs\bookflight.com\wp-content\themes\betheme-child\functions.php on line 72

2020-05-10T08:10:38+00:00 CRITICAL Uncaught Error: Call to a member function get_attributes() on null in C:\xampp2\htdocs\bookflight.com\wp-content\themes\betheme-child\functions.php:72
Stack trace:
#0 C:\xampp2\htdocs\bookflight.com\wp-includes\class-wp-hook.php(287): remove_checkout_field(Array)
#1 C:\xampp2\htdocs\bookflight.com\wp-includes\plugin.php(206): WP_Hook->apply_filters(Array, Array)
#2 C:\xampp2\htdocs\bookflight.com\wp-content\plugins\woocommerce\includes\class-wc-checkout.php(265): apply_filters('woocommerce_che...', Array)
#3 C:\xampp2\htdocs\bookflight.com\wp-content\plugins\woocommerce\templates\checkout\form-checkout.php(34): WC_Checkout->get_checkout_fields()
#4 C:\xampp2\htdocs\bookflight.com\wp-content\plugins\woocommerce\includes\wc-core-functions.php(251): include('C:\\xampp2\\htdoc...')
#5 C:\xampp2\htdocs\bookflight.com\wp-content\plugins\woocommerce\includes\shortcodes\class-wc-shortcode-checkout.php(294): wc_get_template('checkout/form-c...', Array)
#6 C:\xampp2\htdocs\bookflight.com\wp-content\plugins\woocommerce\ in C:\xampp2\htdocs\bookflight.com\wp-content\themes\betheme-child\functions.php on line 72

2020-05-10T08:11:19+00:00 CRITICAL Uncaught Error: Call to a member function get_attributes() on null in C:\xampp2\htdocs\bookflight.com\wp-content\themes\betheme-child\functions.php:72
Stack trace:
#0 C:\xampp2\htdocs\bookflight.com\wp-includes\class-wp-hook.php(287): remove_checkout_field(Array)
#1 C:\xampp2\htdocs\bookflight.com\wp-includes\plugin.php(206): WP_Hook->apply_filters(Array, Array)
#2 C:\xampp2\htdocs\bookflight.com\wp-content\plugins\woocommerce\includes\class-wc-checkout.php(265): apply_filters('woocommerce_che...', Array)
#3 C:\xampp2\htdocs\bookflight.com\wp-content\plugins\woocommerce\templates\checkout\form-checkout.php(34): WC_Checkout->get_checkout_fields()
#4 C:\xampp2\htdocs\bookflight.com\wp-content\plugins\woocommerce\includes\wc-core-functions.php(251): include('C:\\xampp2\\htdoc...')
#5 C:\xampp2\htdocs\bookflight.com\wp-content\plugins\woocommerce\includes\shortcodes\class-wc-shortcode-checkout.php(294): wc_get_template('checkout/form-c...', Array)
#6 C:\xampp2\htdocs\bookflight.com\wp-content\plugins\woocommerce\ in C:\xampp2\htdocs\bookflight.com\wp-content\themes\betheme-child\functions.php on line 72

2020-05-10T08:11:24+00:00 CRITICAL Uncaught Error: Call to a member function get_attributes() on null in C:\xampp2\htdocs\bookflight.com\wp-content\themes\betheme-child\functions.php:72
Stack trace:
#0 C:\xampp2\htdocs\bookflight.com\wp-includes\class-wp-hook.php(287): remove_checkout_field(Array)
#1 C:\xampp2\htdocs\bookflight.com\wp-includes\plugin.php(206): WP_Hook->apply_filters(Array, Array)
#2 C:\xampp2\htdocs\bookflight.com\wp-content\plugins\woocommerce\includes\class-wc-checkout.php(265): apply_filters('woocommerce_che...', Array)
#3 C:\xampp2\htdocs\bookflight.com\wp-content\plugins\woocommerce\templates\checkout\form-checkout.php(34): WC_Checkout->get_checkout_fields()
#4 C:\xampp2\htdocs\bookflight.com\wp-content\plugins\woocommerce\includes\wc-core-functions.php(251): include('C:\\xampp2\\htdoc...')
#5 C:\xampp2\htdocs\bookflight.com\wp-content\plugins\woocommerce\includes\shortcodes\class-wc-shortcode-checkout.php(294): wc_get_template('checkout/form-c...', Array)
#6 C:\xampp2\htdocs\bookflight.com\wp-content\plugins\woocommerce\ in C:\xampp2\htdocs\bookflight.com\wp-content\themes\betheme-child\functions.php on line 72

2020-05-10T08:11:57+00:00 CRITICAL Uncaught Error: Call to a member function get_attributes() on null in C:\xampp2\htdocs\bookflight.com\wp-content\themes\betheme-child\functions.php:72
Stack trace:
#0 C:\xampp2\htdocs\bookflight.com\wp-includes\class-wp-hook.php(287): remove_checkout_field(Array)
#1 C:\xampp2\htdocs\bookflight.com\wp-includes\plugin.php(206): WP_Hook->apply_filters(Array, Array)
#2 C:\xampp2\htdocs\bookflight.com\wp-content\plugins\woocommerce\includes\class-wc-checkout.php(265): apply_filters('woocommerce_che...', Array)
#3 C:\xampp2\htdocs\bookflight.com\wp-content\plugins\woocommerce\templates\checkout\form-checkout.php(34): WC_Checkout->get_checkout_fields()
#4 C:\xampp2\htdocs\bookflight.com\wp-content\plugins\woocommerce\includes\wc-core-functions.php(251): include('C:\\xampp2\\htdoc...')
#5 C:\xampp2\htdocs\bookflight.com\wp-content\plugins\woocommerce\includes\shortcodes\class-wc-shortcode-checkout.php(294): wc_get_template('checkout/form-c...', Array)
#6 C:\xampp2\htdocs\bookflight.com\wp-content\plugins\woocommerce\ in C:\xampp2\htdocs\bookflight.com\wp-content\themes\betheme-child\functions.php on line 72

2020-05-10T08:18:15+00:00 CRITICAL Uncaught Error: Call to a member function get_attributes() on null in C:\xampp2\htdocs\bookflight.com\wp-content\themes\betheme-child\functions.php:74
Stack trace:
#0 C:\xampp2\htdocs\bookflight.com\wp-includes\class-wp-hook.php(287): remove_checkout_field(Array)
#1 C:\xampp2\htdocs\bookflight.com\wp-includes\plugin.php(206): WP_Hook->apply_filters(Array, Array)
#2 C:\xampp2\htdocs\bookflight.com\wp-content\plugins\woocommerce\includes\class-wc-checkout.php(265): apply_filters('woocommerce_che...', Array)
#3 C:\xampp2\htdocs\bookflight.com\wp-content\plugins\woocommerce\templates\checkout\form-checkout.php(34): WC_Checkout->get_checkout_fields()
#4 C:\xampp2\htdocs\bookflight.com\wp-content\plugins\woocommerce\includes\wc-core-functions.php(251): include('C:\\xampp2\\htdoc...')
#5 C:\xampp2\htdocs\bookflight.com\wp-content\plugins\woocommerce\includes\shortcodes\class-wc-shortcode-checkout.php(294): wc_get_template('checkout/form-c...', Array)
#6 C:\xampp2\htdocs\bookflight.com\wp-content\plugins\woocommerce\ in C:\xampp2\htdocs\bookflight.com\wp-content\themes\betheme-child\functions.php on line 74

2020-05-10T08:18:46+00:00 CRITICAL Uncaught Error: Call to a member function get_attributes() on null in C:\xampp2\htdocs\bookflight.com\wp-content\themes\betheme-child\functions.php:74
Stack trace:
#0 C:\xampp2\htdocs\bookflight.com\wp-includes\class-wp-hook.php(287): remove_checkout_field(Array)
#1 C:\xampp2\htdocs\bookflight.com\wp-includes\plugin.php(206): WP_Hook->apply_filters(Array, Array)
#2 C:\xampp2\htdocs\bookflight.com\wp-content\plugins\woocommerce\includes\class-wc-checkout.php(265): apply_filters('woocommerce_che...', Array)
#3 C:\xampp2\htdocs\bookflight.com\wp-content\plugins\woocommerce\templates\checkout\form-checkout.php(34): WC_Checkout->get_checkout_fields()
#4 C:\xampp2\htdocs\bookflight.com\wp-content\plugins\woocommerce\includes\wc-core-functions.php(251): include('C:\\xampp2\\htdoc...')
#5 C:\xampp2\htdocs\bookflight.com\wp-content\plugins\woocommerce\includes\shortcodes\class-wc-shortcode-checkout.php(294): wc_get_template('checkout/form-c...', Array)
#6 C:\xampp2\htdocs\bookflight.com\wp-content\plugins\woocommerce\ in C:\xampp2\htdocs\bookflight.com\wp-content\themes\betheme-child\functions.php on line 74

2020-05-10T08:19:03+00:00 CRITICAL Uncaught Error: Call to a member function get_attributes() on null in C:\xampp2\htdocs\bookflight.com\wp-content\themes\betheme-child\functions.php:74
Stack trace:
#0 C:\xampp2\htdocs\bookflight.com\wp-includes\class-wp-hook.php(287): remove_checkout_field(Array)
#1 C:\xampp2\htdocs\bookflight.com\wp-includes\plugin.php(206): WP_Hook->apply_filters(Array, Array)
#2 C:\xampp2\htdocs\bookflight.com\wp-content\plugins\woocommerce\includes\class-wc-checkout.php(265): apply_filters('woocommerce_che...', Array)
#3 C:\xampp2\htdocs\bookflight.com\wp-content\plugins\woocommerce\templates\checkout\form-checkout.php(34): WC_Checkout->get_checkout_fields()
#4 C:\xampp2\htdocs\bookflight.com\wp-content\plugins\woocommerce\includes\wc-core-functions.php(251): include('C:\\xampp2\\htdoc...')
#5 C:\xampp2\htdocs\bookflight.com\wp-content\plugins\woocommerce\includes\shortcodes\class-wc-shortcode-checkout.php(294): wc_get_template('checkout/form-c...', Array)
#6 C:\xampp2\htdocs\bookflight.com\wp-content\plugins\woocommerce\ in C:\xampp2\htdocs\bookflight.com\wp-content\themes\betheme-child\functions.php on line 74

2020-05-10T08:19:31+00:00 CRITICAL Uncaught Error: Call to a member function get_attributes() on null in C:\xampp2\htdocs\bookflight.com\wp-content\themes\betheme-child\functions.php:74
Stack trace:
#0 C:\xampp2\htdocs\bookflight.com\wp-includes\class-wp-hook.php(287): remove_checkout_field(Array)
#1 C:\xampp2\htdocs\bookflight.com\wp-includes\plugin.php(206): WP_Hook->apply_filters(Array, Array)
#2 C:\xampp2\htdocs\bookflight.com\wp-content\plugins\woocommerce\includes\class-wc-checkout.php(265): apply_filters('woocommerce_che...', Array)
#3 C:\xampp2\htdocs\bookflight.com\wp-content\plugins\woocommerce\templates\checkout\form-checkout.php(34): WC_Checkout->get_checkout_fields()
#4 C:\xampp2\htdocs\bookflight.com\wp-content\plugins\woocommerce\includes\wc-core-functions.php(251): include('C:\\xampp2\\htdoc...')
#5 C:\xampp2\htdocs\bookflight.com\wp-content\plugins\woocommerce\includes\shortcodes\class-wc-shortcode-checkout.php(294): wc_get_template('checkout/form-c...', Array)
#6 C:\xampp2\htdocs\bookflight.com\wp-content\plugins\woocommerce\ in C:\xampp2\htdocs\bookflight.com\wp-content\themes\betheme-child\functions.php on line 74

2020-05-10T08:20:20+00:00 CRITICAL Uncaught Error: Call to a member function get_attributes() on null in C:\xampp2\htdocs\bookflight.com\wp-content\themes\betheme-child\functions.php:74
Stack trace:
#0 C:\xampp2\htdocs\bookflight.com\wp-includes\class-wp-hook.php(287): remove_checkout_field(Array)
#1 C:\xampp2\htdocs\bookflight.com\wp-includes\plugin.php(206): WP_Hook->apply_filters(Array, Array)
#2 C:\xampp2\htdocs\bookflight.com\wp-content\plugins\woocommerce\includes\class-wc-checkout.php(265): apply_filters('woocommerce_che...', Array)
#3 C:\xampp2\htdocs\bookflight.com\wp-content\plugins\woocommerce\templates\checkout\form-checkout.php(34): WC_Checkout->get_checkout_fields()
#4 C:\xampp2\htdocs\bookflight.com\wp-content\plugins\woocommerce\includes\wc-core-functions.php(251): include('C:\\xampp2\\htdoc...')
#5 C:\xampp2\htdocs\bookflight.com\wp-content\plugins\woocommerce\includes\shortcodes\class-wc-shortcode-checkout.php(294): wc_get_template('checkout/form-c...', Array)
#6 C:\xampp2\htdocs\bookflight.com\wp-content\plugins\woocommerce\ in C:\xampp2\htdocs\bookflight.com\wp-content\themes\betheme-child\functions.php on line 74

2020-05-10T08:21:23+00:00 CRITICAL Uncaught Error: Call to undefined method WC_Cart::get_attributes() in C:\xampp2\htdocs\bookflight.com\wp-content\themes\betheme-child\functions.php:74
Stack trace:
#0 C:\xampp2\htdocs\bookflight.com\wp-includes\class-wp-hook.php(287): remove_checkout_field(Array)
#1 C:\xampp2\htdocs\bookflight.com\wp-includes\plugin.php(206): WP_Hook->apply_filters(Array, Array)
#2 C:\xampp2\htdocs\bookflight.com\wp-content\plugins\woocommerce\includes\class-wc-checkout.php(265): apply_filters('woocommerce_che...', Array)
#3 C:\xampp2\htdocs\bookflight.com\wp-content\plugins\woocommerce\templates\checkout\form-checkout.php(34): WC_Checkout->get_checkout_fields()
#4 C:\xampp2\htdocs\bookflight.com\wp-content\plugins\woocommerce\includes\wc-core-functions.php(251): include('C:\\xampp2\\htdoc...')
#5 C:\xampp2\htdocs\bookflight.com\wp-content\plugins\woocommerce\includes\shortcodes\class-wc-shortcode-checkout.php(294): wc_get_template('checkout/form-c...', Array)
#6 C:\xampp2\htdocs\bookflight.com\wp-content\plugins\woocommerce\ in C:\xampp2\htdocs\bookflight.com\wp-content\themes\betheme-child\functions.php on line 74

2020-05-10T08:21:35+00:00 CRITICAL Uncaught Error: Call to undefined method WC_Cart::get_attributes() in C:\xampp2\htdocs\bookflight.com\wp-content\themes\betheme-child\functions.php:74
Stack trace:
#0 C:\xampp2\htdocs\bookflight.com\wp-includes\class-wp-hook.php(287): remove_checkout_field(Array)
#1 C:\xampp2\htdocs\bookflight.com\wp-includes\plugin.php(206): WP_Hook->apply_filters(Array, Array)
#2 C:\xampp2\htdocs\bookflight.com\wp-content\plugins\woocommerce\includes\class-wc-checkout.php(265): apply_filters('woocommerce_che...', Array)
#3 C:\xampp2\htdocs\bookflight.com\wp-content\plugins\woocommerce\templates\checkout\form-checkout.php(34): WC_Checkout->get_checkout_fields()
#4 C:\xampp2\htdocs\bookflight.com\wp-content\plugins\woocommerce\includes\wc-core-functions.php(251): include('C:\\xampp2\\htdoc...')
#5 C:\xampp2\htdocs\bookflight.com\wp-content\plugins\woocommerce\includes\shortcodes\class-wc-shortcode-checkout.php(294): wc_get_template('checkout/form-c...', Array)
#6 C:\xampp2\htdocs\bookflight.com\wp-content\plugins\woocommerce\ in C:\xampp2\htdocs\bookflight.com\wp-content\themes\betheme-child\functions.php on line 74

2020-05-10T08:21:48+00:00 CRITICAL Uncaught Error: Call to a member function get_attributes() on null in C:\xampp2\htdocs\bookflight.com\wp-content\themes\betheme-child\functions.php:74
Stack trace:
#0 C:\xampp2\htdocs\bookflight.com\wp-includes\class-wp-hook.php(287): remove_checkout_field(Array)
#1 C:\xampp2\htdocs\bookflight.com\wp-includes\plugin.php(206): WP_Hook->apply_filters(Array, Array)
#2 C:\xampp2\htdocs\bookflight.com\wp-content\plugins\woocommerce\includes\class-wc-checkout.php(265): apply_filters('woocommerce_che...', Array)
#3 C:\xampp2\htdocs\bookflight.com\wp-content\plugins\woocommerce\templates\checkout\form-checkout.php(34): WC_Checkout->get_checkout_fields()
#4 C:\xampp2\htdocs\bookflight.com\wp-content\plugins\woocommerce\includes\wc-core-functions.php(251): include('C:\\xampp2\\htdoc...')
#5 C:\xampp2\htdocs\bookflight.com\wp-content\plugins\woocommerce\includes\shortcodes\class-wc-shortcode-checkout.php(294): wc_get_template('checkout/form-c...', Array)
#6 C:\xampp2\htdocs\bookflight.com\wp-content\plugins\woocommerce\ in C:\xampp2\htdocs\bookflight.com\wp-content\themes\betheme-child\functions.php on line 74

2020-05-10T08:26:04+00:00 CRITICAL syntax error, unexpected ',', expecting ']' in C:\xampp2\htdocs\bookflight.com\wp-content\themes\betheme-child\functions.php on line 75

2020-05-10T08:31:51+00:00 CRITICAL Uncaught Error: Call to a member function get_cart() on null in C:\xampp2\htdocs\bookflight.com\wp-content\themes\betheme-child\functions.php:68
Stack trace:
#0 C:\xampp2\htdocs\bookflight.com\wp-includes\class-wp-hook.php(287): remove_checkout_field(Array)
#1 C:\xampp2\htdocs\bookflight.com\wp-includes\plugin.php(206): WP_Hook->apply_filters(Array, Array)
#2 C:\xampp2\htdocs\bookflight.com\wp-content\plugins\woocommerce\includes\class-wc-checkout.php(265): apply_filters('woocommerce_che...', Array)
#3 C:\xampp2\htdocs\bookflight.com\wp-content\plugins\woocommerce\templates\checkout\form-checkout.php(34): WC_Checkout->get_checkout_fields()
#4 C:\xampp2\htdocs\bookflight.com\wp-content\plugins\woocommerce\includes\wc-core-functions.php(251): include('C:\\xampp2\\htdoc...')
#5 C:\xampp2\htdocs\bookflight.com\wp-content\plugins\woocommerce\includes\shortcodes\class-wc-shortcode-checkout.php(294): wc_get_template('checkout/form-c...', Array)
#6 C:\xampp2\htdocs\bookflight.com\wp-content\plugins\woocommerce\includ in C:\xampp2\htdocs\bookflight.com\wp-content\themes\betheme-child\functions.php on line 68

2020-05-10T08:32:16+00:00 CRITICAL Uncaught Error: Call to a member function get_attributes() on null in C:\xampp2\htdocs\bookflight.com\wp-content\themes\betheme-child\functions.php:69
Stack trace:
#0 C:\xampp2\htdocs\bookflight.com\wp-includes\class-wp-hook.php(287): remove_checkout_field(Array)
#1 C:\xampp2\htdocs\bookflight.com\wp-includes\plugin.php(206): WP_Hook->apply_filters(Array, Array)
#2 C:\xampp2\htdocs\bookflight.com\wp-content\plugins\woocommerce\includes\class-wc-checkout.php(265): apply_filters('woocommerce_che...', Array)
#3 C:\xampp2\htdocs\bookflight.com\wp-content\plugins\woocommerce\templates\checkout\form-checkout.php(34): WC_Checkout->get_checkout_fields()
#4 C:\xampp2\htdocs\bookflight.com\wp-content\plugins\woocommerce\includes\wc-core-functions.php(251): include('C:\\xampp2\\htdoc...')
#5 C:\xampp2\htdocs\bookflight.com\wp-content\plugins\woocommerce\includes\shortcodes\class-wc-shortcode-checkout.php(294): wc_get_template('checkout/form-c...', Array)
#6 C:\xampp2\htdocs\bookflight.com\wp-content\plugins\woocommerce\ in C:\xampp2\htdocs\bookflight.com\wp-content\themes\betheme-child\functions.php on line 69

2020-05-10T08:57:24+00:00 CRITICAL Uncaught Error: Call to a member function get_attributes() on null in C:\xampp2\htdocs\bookflight.com\wp-content\themes\betheme-child\functions.php:69
Stack trace:
#0 C:\xampp2\htdocs\bookflight.com\wp-includes\class-wp-hook.php(287): remove_checkout_field(Array)
#1 C:\xampp2\htdocs\bookflight.com\wp-includes\plugin.php(206): WP_Hook->apply_filters(Array, Array)
#2 C:\xampp2\htdocs\bookflight.com\wp-content\plugins\woocommerce\includes\class-wc-checkout.php(265): apply_filters('woocommerce_che...', Array)
#3 C:\xampp2\htdocs\bookflight.com\wp-content\plugins\woocommerce\templates\checkout\form-checkout.php(34): WC_Checkout->get_checkout_fields()
#4 C:\xampp2\htdocs\bookflight.com\wp-content\plugins\woocommerce\includes\wc-core-functions.php(251): include('C:\\xampp2\\htdoc...')
#5 C:\xampp2\htdocs\bookflight.com\wp-content\plugins\woocommerce\includes\shortcodes\class-wc-shortcode-checkout.php(294): wc_get_template('checkout/form-c...', Array)
#6 C:\xampp2\htdocs\bookflight.com\wp-content\plugins\woocommerce\ in C:\xampp2\htdocs\bookflight.com\wp-content\themes\betheme-child\functions.php on line 69

2020-05-10T08:58:40+00:00 CRITICAL Uncaught Error: Call to a member function get_items() on boolean in C:\xampp2\htdocs\bookflight.com\wp-content\themes\betheme-child\functions.php:69
Stack trace:
#0 C:\xampp2\htdocs\bookflight.com\wp-includes\class-wp-hook.php(287): remove_checkout_field(Array)
#1 C:\xampp2\htdocs\bookflight.com\wp-includes\plugin.php(206): WP_Hook->apply_filters(Array, Array)
#2 C:\xampp2\htdocs\bookflight.com\wp-content\plugins\woocommerce\includes\class-wc-checkout.php(265): apply_filters('woocommerce_che...', Array)
#3 C:\xampp2\htdocs\bookflight.com\wp-content\plugins\woocommerce\templates\checkout\form-checkout.php(34): WC_Checkout->get_checkout_fields()
#4 C:\xampp2\htdocs\bookflight.com\wp-content\plugins\woocommerce\includes\wc-core-functions.php(251): include('C:\\xampp2\\htdoc...')
#5 C:\xampp2\htdocs\bookflight.com\wp-content\plugins\woocommerce\includes\shortcodes\class-wc-shortcode-checkout.php(294): wc_get_template('checkout/form-c...', Array)
#6 C:\xampp2\htdocs\bookflight.com\wp-content\plugins\woocommerce\in in C:\xampp2\htdocs\bookflight.com\wp-content\themes\betheme-child\functions.php on line 69

2020-05-10T09:00:28+00:00 CRITICAL Uncaught Error: Call to a member function get_items() on boolean in C:\xampp2\htdocs\bookflight.com\wp-content\themes\betheme-child\functions.php:70
Stack trace:
#0 C:\xampp2\htdocs\bookflight.com\wp-includes\class-wp-hook.php(287): remove_checkout_field(Array)
#1 C:\xampp2\htdocs\bookflight.com\wp-includes\plugin.php(206): WP_Hook->apply_filters(Array, Array)
#2 C:\xampp2\htdocs\bookflight.com\wp-content\plugins\woocommerce\includes\class-wc-checkout.php(265): apply_filters('woocommerce_che...', Array)
#3 C:\xampp2\htdocs\bookflight.com\wp-content\plugins\woocommerce\templates\checkout\form-checkout.php(34): WC_Checkout->get_checkout_fields()
#4 C:\xampp2\htdocs\bookflight.com\wp-content\plugins\woocommerce\includes\wc-core-functions.php(251): include('C:\\xampp2\\htdoc...')
#5 C:\xampp2\htdocs\bookflight.com\wp-content\plugins\woocommerce\includes\shortcodes\class-wc-shortcode-checkout.php(294): wc_get_template('checkout/form-c...', Array)
#6 C:\xampp2\htdocs\bookflight.com\wp-content\plugins\woocommerce\in in C:\xampp2\htdocs\bookflight.com\wp-content\themes\betheme-child\functions.php on line 70

2020-05-10T09:02:31+00:00 CRITICAL Uncaught Error: Call to a member function get_id() on null in C:\xampp2\htdocs\bookflight.com\wp-content\themes\betheme-child\functions.php:71
Stack trace:
#0 C:\xampp2\htdocs\bookflight.com\wp-includes\class-wp-hook.php(287): remove_checkout_field(Array)
#1 C:\xampp2\htdocs\bookflight.com\wp-includes\plugin.php(206): WP_Hook->apply_filters(Array, Array)
#2 C:\xampp2\htdocs\bookflight.com\wp-content\plugins\woocommerce\includes\class-wc-checkout.php(265): apply_filters('woocommerce_che...', Array)
#3 C:\xampp2\htdocs\bookflight.com\wp-content\plugins\woocommerce\templates\checkout\form-checkout.php(34): WC_Checkout->get_checkout_fields()
#4 C:\xampp2\htdocs\bookflight.com\wp-content\plugins\woocommerce\includes\wc-core-functions.php(251): include('C:\\xampp2\\htdoc...')
#5 C:\xampp2\htdocs\bookflight.com\wp-content\plugins\woocommerce\includes\shortcodes\class-wc-shortcode-checkout.php(294): wc_get_template('checkout/form-c...', Array)
#6 C:\xampp2\htdocs\bookflight.com\wp-content\plugins\woocommerce\includes in C:\xampp2\htdocs\bookflight.com\wp-content\themes\betheme-child\functions.php on line 71

2020-05-10T09:02:31+00:00 CRITICAL Uncaught Error: Call to a member function get_id() on null in C:\xampp2\htdocs\bookflight.com\wp-content\themes\betheme-child\functions.php:71
Stack trace:
#0 C:\xampp2\htdocs\bookflight.com\wp-includes\class-wp-hook.php(287): remove_checkout_field(Array)
#1 C:\xampp2\htdocs\bookflight.com\wp-includes\plugin.php(206): WP_Hook->apply_filters(Array, Array)
#2 C:\xampp2\htdocs\bookflight.com\wp-content\plugins\woocommerce\includes\class-wc-checkout.php(265): apply_filters('woocommerce_che...', Array)
#3 C:\xampp2\htdocs\bookflight.com\wp-content\plugins\woocommerce\templates\checkout\form-checkout.php(34): WC_Checkout->get_checkout_fields()
#4 C:\xampp2\htdocs\bookflight.com\wp-content\plugins\woocommerce\includes\wc-core-functions.php(251): include('C:\\xampp2\\htdoc...')
#5 C:\xampp2\htdocs\bookflight.com\wp-content\plugins\woocommerce\includes\shortcodes\class-wc-shortcode-checkout.php(294): wc_get_template('checkout/form-c...', Array)
#6 C:\xampp2\htdocs\bookflight.com\wp-content\plugins\woocommerce\includes in C:\xampp2\htdocs\bookflight.com\wp-content\themes\betheme-child\functions.php on line 71

2020-05-10T09:56:55+00:00 CRITICAL Uncaught Error: Call to undefined function get_attributes() in C:\xampp2\htdocs\bookflight.com\wp-content\themes\betheme-child\functions.php:79
Stack trace:
#0 C:\xampp2\htdocs\bookflight.com\wp-includes\class-wp-hook.php(287): remove_checkout_field(Array)
#1 C:\xampp2\htdocs\bookflight.com\wp-includes\plugin.php(206): WP_Hook->apply_filters(Array, Array)
#2 C:\xampp2\htdocs\bookflight.com\wp-content\plugins\woocommerce\includes\class-wc-checkout.php(265): apply_filters('woocommerce_che...', Array)
#3 C:\xampp2\htdocs\bookflight.com\wp-content\plugins\woocommerce\templates\checkout\form-checkout.php(34): WC_Checkout->get_checkout_fields()
#4 C:\xampp2\htdocs\bookflight.com\wp-content\plugins\woocommerce\includes\wc-core-functions.php(251): include('C:\\xampp2\\htdoc...')
#5 C:\xampp2\htdocs\bookflight.com\wp-content\plugins\woocommerce\includes\shortcodes\class-wc-shortcode-checkout.php(294): wc_get_template('checkout/form-c...', Array)
#6 C:\xampp2\htdocs\bookflight.com\wp-content\plugins\woocommerce\include in C:\xampp2\htdocs\bookflight.com\wp-content\themes\betheme-child\functions.php on line 79

2020-05-10T09:59:47+00:00 CRITICAL Uncaught Error: Call to a member function get_items() on boolean in C:\xampp2\htdocs\bookflight.com\wp-content\themes\betheme-child\functions.php:72
Stack trace:
#0 C:\xampp2\htdocs\bookflight.com\wp-includes\class-wp-hook.php(287): remove_checkout_field(Array)
#1 C:\xampp2\htdocs\bookflight.com\wp-includes\plugin.php(206): WP_Hook->apply_filters(Array, Array)
#2 C:\xampp2\htdocs\bookflight.com\wp-content\plugins\woocommerce\includes\class-wc-checkout.php(265): apply_filters('woocommerce_che...', Array)
#3 C:\xampp2\htdocs\bookflight.com\wp-content\plugins\woocommerce\templates\checkout\form-checkout.php(34): WC_Checkout->get_checkout_fields()
#4 C:\xampp2\htdocs\bookflight.com\wp-content\plugins\woocommerce\includes\wc-core-functions.php(251): include('C:\\xampp2\\htdoc...')
#5 C:\xampp2\htdocs\bookflight.com\wp-content\plugins\woocommerce\includes\shortcodes\class-wc-shortcode-checkout.php(294): wc_get_template('checkout/form-c...', Array)
#6 C:\xampp2\htdocs\bookflight.com\wp-content\plugins\woocommerce\in in C:\xampp2\htdocs\bookflight.com\wp-content\themes\betheme-child\functions.php on line 72

2020-05-10T09:59:55+00:00 CRITICAL Uncaught Error: Call to a member function get_items() on boolean in C:\xampp2\htdocs\bookflight.com\wp-content\themes\betheme-child\functions.php:72
Stack trace:
#0 C:\xampp2\htdocs\bookflight.com\wp-includes\class-wp-hook.php(287): remove_checkout_field(Array)
#1 C:\xampp2\htdocs\bookflight.com\wp-includes\plugin.php(206): WP_Hook->apply_filters(Array, Array)
#2 C:\xampp2\htdocs\bookflight.com\wp-content\plugins\woocommerce\includes\class-wc-checkout.php(265): apply_filters('woocommerce_che...', Array)
#3 C:\xampp2\htdocs\bookflight.com\wp-content\plugins\woocommerce\templates\checkout\form-checkout.php(34): WC_Checkout->get_checkout_fields()
#4 C:\xampp2\htdocs\bookflight.com\wp-content\plugins\woocommerce\includes\wc-core-functions.php(251): include('C:\\xampp2\\htdoc...')
#5 C:\xampp2\htdocs\bookflight.com\wp-content\plugins\woocommerce\includes\shortcodes\class-wc-shortcode-checkout.php(294): wc_get_template('checkout/form-c...', Array)
#6 C:\xampp2\htdocs\bookflight.com\wp-content\plugins\woocommerce\in in C:\xampp2\htdocs\bookflight.com\wp-content\themes\betheme-child\functions.php on line 72

2020-05-10T10:10:19+00:00 CRITICAL Uncaught Error: Call to a member function get_attributes() on null in C:\xampp2\htdocs\bookflight.com\wp-content\themes\betheme-child\functions.php:74
Stack trace:
#0 C:\xampp2\htdocs\bookflight.com\wp-includes\class-wp-hook.php(287): remove_checkout_field(Array)
#1 C:\xampp2\htdocs\bookflight.com\wp-includes\plugin.php(206): WP_Hook->apply_filters(Array, Array)
#2 C:\xampp2\htdocs\bookflight.com\wp-content\plugins\woocommerce\includes\class-wc-checkout.php(265): apply_filters('woocommerce_che...', Array)
#3 C:\xampp2\htdocs\bookflight.com\wp-content\plugins\woocommerce\templates\checkout\form-checkout.php(34): WC_Checkout->get_checkout_fields()
#4 C:\xampp2\htdocs\bookflight.com\wp-content\plugins\woocommerce\includes\wc-core-functions.php(251): include('C:\\xampp2\\htdoc...')
#5 C:\xampp2\htdocs\bookflight.com\wp-content\plugins\woocommerce\includes\shortcodes\class-wc-shortcode-checkout.php(294): wc_get_template('checkout/form-c...', Array)
#6 C:\xampp2\htdocs\bookflight.com\wp-content\plugins\woocommerce\ in C:\xampp2\htdocs\bookflight.com\wp-content\themes\betheme-child\functions.php on line 74

2020-05-10T10:14:09+00:00 CRITICAL Uncaught Error: Call to a member function get_attributes() on null in C:\xampp2\htdocs\bookflight.com\wp-content\themes\betheme-child\functions.php:74
Stack trace:
#0 C:\xampp2\htdocs\bookflight.com\wp-includes\class-wp-hook.php(287): remove_checkout_field(Array)
#1 C:\xampp2\htdocs\bookflight.com\wp-includes\plugin.php(206): WP_Hook->apply_filters(Array, Array)
#2 C:\xampp2\htdocs\bookflight.com\wp-content\plugins\woocommerce\includes\class-wc-checkout.php(265): apply_filters('woocommerce_che...', Array)
#3 C:\xampp2\htdocs\bookflight.com\wp-content\plugins\woocommerce\templates\checkout\form-checkout.php(34): WC_Checkout->get_checkout_fields()
#4 C:\xampp2\htdocs\bookflight.com\wp-content\plugins\woocommerce\includes\wc-core-functions.php(251): include('C:\\xampp2\\htdoc...')
#5 C:\xampp2\htdocs\bookflight.com\wp-content\plugins\woocommerce\includes\shortcodes\class-wc-shortcode-checkout.php(294): wc_get_template('checkout/form-c...', Array)
#6 C:\xampp2\htdocs\bookflight.com\wp-content\plugins\woocommerce\ in C:\xampp2\htdocs\bookflight.com\wp-content\themes\betheme-child\functions.php on line 74

2020-05-10T10:16:24+00:00 CRITICAL Uncaught Error: Call to a member function get_attributes() on null in C:\xampp2\htdocs\bookflight.com\wp-content\themes\betheme-child\functions.php:74
Stack trace:
#0 C:\xampp2\htdocs\bookflight.com\wp-includes\class-wp-hook.php(287): remove_checkout_field(Array)
#1 C:\xampp2\htdocs\bookflight.com\wp-includes\plugin.php(206): WP_Hook->apply_filters(Array, Array)
#2 C:\xampp2\htdocs\bookflight.com\wp-content\plugins\woocommerce\includes\class-wc-checkout.php(265): apply_filters('woocommerce_che...', Array)
#3 C:\xampp2\htdocs\bookflight.com\wp-content\plugins\woocommerce\templates\checkout\form-checkout.php(34): WC_Checkout->get_checkout_fields()
#4 C:\xampp2\htdocs\bookflight.com\wp-content\plugins\woocommerce\includes\wc-core-functions.php(251): include('C:\\xampp2\\htdoc...')
#5 C:\xampp2\htdocs\bookflight.com\wp-content\plugins\woocommerce\includes\shortcodes\class-wc-shortcode-checkout.php(294): wc_get_template('checkout/form-c...', Array)
#6 C:\xampp2\htdocs\bookflight.com\wp-content\plugins\woocommerce\ in C:\xampp2\htdocs\bookflight.com\wp-content\themes\betheme-child\functions.php on line 74

2020-05-10T10:28:48+00:00 CRITICAL Uncaught Error: Call to a member function get_items() on boolean in C:\xampp2\htdocs\bookflight.com\wp-content\themes\betheme-child\functions.php:72
Stack trace:
#0 C:\xampp2\htdocs\bookflight.com\wp-includes\class-wp-hook.php(287): remove_checkout_field(Array)
#1 C:\xampp2\htdocs\bookflight.com\wp-includes\plugin.php(206): WP_Hook->apply_filters(Array, Array)
#2 C:\xampp2\htdocs\bookflight.com\wp-content\plugins\woocommerce\includes\class-wc-checkout.php(265): apply_filters('woocommerce_che...', Array)
#3 C:\xampp2\htdocs\bookflight.com\wp-content\plugins\woocommerce\templates\checkout\form-checkout.php(34): WC_Checkout->get_checkout_fields()
#4 C:\xampp2\htdocs\bookflight.com\wp-content\plugins\woocommerce\includes\wc-core-functions.php(251): include('C:\\xampp2\\htdoc...')
#5 C:\xampp2\htdocs\bookflight.com\wp-content\plugins\woocommerce\includes\shortcodes\class-wc-shortcode-checkout.php(294): wc_get_template('checkout/form-c...', Array)
#6 C:\xampp2\htdocs\bookflight.com\wp-content\plugins\woocommerce\in in C:\xampp2\htdocs\bookflight.com\wp-content\themes\betheme-child\functions.php on line 72

2020-05-10T10:29:22+00:00 CRITICAL Uncaught Error: Call to a member function get_items() on boolean in C:\xampp2\htdocs\bookflight.com\wp-content\themes\betheme-child\functions.php:72
Stack trace:
#0 C:\xampp2\htdocs\bookflight.com\wp-includes\class-wp-hook.php(287): remove_checkout_field(Array)
#1 C:\xampp2\htdocs\bookflight.com\wp-includes\plugin.php(206): WP_Hook->apply_filters(Array, Array)
#2 C:\xampp2\htdocs\bookflight.com\wp-content\plugins\woocommerce\includes\class-wc-checkout.php(265): apply_filters('woocommerce_che...', Array)
#3 C:\xampp2\htdocs\bookflight.com\wp-content\plugins\woocommerce\templates\checkout\form-checkout.php(34): WC_Checkout->get_checkout_fields()
#4 C:\xampp2\htdocs\bookflight.com\wp-content\plugins\woocommerce\includes\wc-core-functions.php(251): include('C:\\xampp2\\htdoc...')
#5 C:\xampp2\htdocs\bookflight.com\wp-content\plugins\woocommerce\includes\shortcodes\class-wc-shortcode-checkout.php(294): wc_get_template('checkout/form-c...', Array)
#6 C:\xampp2\htdocs\bookflight.com\wp-content\plugins\woocommerce\in in C:\xampp2\htdocs\bookflight.com\wp-content\themes\betheme-child\functions.php on line 72

2020-05-10T11:12:51+00:00 CRITICAL Uncaught Error: Call to undefined function get_attribute() in C:\xampp2\htdocs\bookflight.com\wp-content\themes\betheme-child\functions.php:79
Stack trace:
#0 C:\xampp2\htdocs\bookflight.com\wp-includes\class-wp-hook.php(287): remove_checkout_field(Array)
#1 C:\xampp2\htdocs\bookflight.com\wp-includes\plugin.php(206): WP_Hook->apply_filters(Array, Array)
#2 C:\xampp2\htdocs\bookflight.com\wp-content\plugins\woocommerce\includes\class-wc-checkout.php(265): apply_filters('woocommerce_che...', Array)
#3 C:\xampp2\htdocs\bookflight.com\wp-content\plugins\woocommerce\templates\checkout\form-checkout.php(34): WC_Checkout->get_checkout_fields()
#4 C:\xampp2\htdocs\bookflight.com\wp-content\plugins\woocommerce\includes\wc-core-functions.php(251): include('C:\\xampp2\\htdoc...')
#5 C:\xampp2\htdocs\bookflight.com\wp-content\plugins\woocommerce\includes\shortcodes\class-wc-shortcode-checkout.php(294): wc_get_template('checkout/form-c...', Array)
#6 C:\xampp2\htdocs\bookflight.com\wp-content\plugins\woocommerce\includes in C:\xampp2\htdocs\bookflight.com\wp-content\themes\betheme-child\functions.php on line 79

2020-05-10T12:15:31+00:00 CRITICAL syntax error, unexpected '==' (T_IS_EQUAL) in C:\xampp2\htdocs\bookflight.com\wp-content\themes\betheme-child\functions.php on line 74

2020-05-10T12:15:33+00:00 CRITICAL syntax error, unexpected '==' (T_IS_EQUAL) in C:\xampp2\htdocs\bookflight.com\wp-content\themes\betheme-child\functions.php on line 74

2020-05-10T12:16:08+00:00 CRITICAL syntax error, unexpected '==' (T_IS_EQUAL) in C:\xampp2\htdocs\bookflight.com\wp-content\themes\betheme-child\functions.php on line 74

2020-05-10T13:13:46+00:00 CRITICAL syntax error, unexpected 'echo' (T_ECHO), expecting ',' or ';' in C:\xampp2\htdocs\bookflight.com\wp-content\themes\betheme\includes\header-top-bar-right.php on line 30

2020-05-10T13:14:10+00:00 CRITICAL syntax error, unexpected 'echo' (T_ECHO), expecting ',' or ';' in C:\xampp2\htdocs\bookflight.com\wp-content\themes\betheme\includes\header-top-bar-right.php on line 30

2020-05-10T13:17:22+00:00 CRITICAL syntax error, unexpected 'if' (T_IF), expecting ',' or ';' in C:\xampp2\htdocs\bookflight.com\wp-content\themes\betheme\includes\header-top-bar-right.php on line 30

2020-05-10T13:38:26+00:00 CRITICAL syntax error, unexpected '.' in C:\xampp2\htdocs\bookflight.com\wp-content\themes\betheme\includes\header-top-bar-right.php on line 32

2020-05-10T13:39:41+00:00 CRITICAL syntax error, unexpected '.' in C:\xampp2\htdocs\bookflight.com\wp-content\themes\betheme\includes\header-top-bar-right.php on line 32

2020-05-10T13:47:14+00:00 CRITICAL syntax error, unexpected end of file in C:\xampp2\htdocs\bookflight.com\wp-content\themes\betheme\includes\header-top-bar-right.php on line 187

2020-05-10T13:51:22+00:00 CRITICAL syntax error, unexpected '.' in C:\xampp2\htdocs\bookflight.com\wp-content\themes\betheme\includes\header-top-bar-right.php on line 34

2020-05-10T13:51:35+00:00 CRITICAL syntax error, unexpected '.' in C:\xampp2\htdocs\bookflight.com\wp-content\themes\betheme\includes\header-top-bar-right.php on line 30

2020-05-10T13:52:15+00:00 CRITICAL syntax error, unexpected '.' in C:\xampp2\htdocs\bookflight.com\wp-content\themes\betheme\includes\header-top-bar-right.php on line 34

2020-05-10T13:52:37+00:00 CRITICAL syntax error, unexpected '.' in C:\xampp2\htdocs\bookflight.com\wp-content\themes\betheme\includes\header-top-bar-right.php on line 34

2020-05-10T13:56:17+00:00 CRITICAL syntax error, unexpected '.' in C:\xampp2\htdocs\bookflight.com\wp-content\themes\betheme\includes\header-top-bar-right.php on line 33

2020-05-10T13:56:24+00:00 CRITICAL syntax error, unexpected '.' in C:\xampp2\htdocs\bookflight.com\wp-content\themes\betheme\includes\header-top-bar-right.php on line 34

2020-05-10T13:56:32+00:00 CRITICAL syntax error, unexpected '.' in C:\xampp2\htdocs\bookflight.com\wp-content\themes\betheme\includes\header-top-bar-right.php on line 34

2020-05-10T13:59:35+00:00 CRITICAL syntax error, unexpected '.' in C:\xampp2\htdocs\bookflight.com\wp-content\themes\betheme\includes\header-top-bar-right.php on line 34

2020-05-10T14:02:01+00:00 CRITICAL syntax error, unexpected '.' in C:\xampp2\htdocs\bookflight.com\wp-content\themes\betheme\includes\header-top-bar-right.php on line 35

2020-05-10T14:02:10+00:00 CRITICAL syntax error, unexpected '.' in C:\xampp2\htdocs\bookflight.com\wp-content\themes\betheme\includes\header-top-bar-right.php on line 35

2020-05-10T14:02:23+00:00 CRITICAL syntax error, unexpected '.' in C:\xampp2\htdocs\bookflight.com\wp-content\themes\betheme\includes\header-top-bar-right.php on line 32

2020-05-10T14:02:35+00:00 CRITICAL syntax error, unexpected '.' in C:\xampp2\htdocs\bookflight.com\wp-content\themes\betheme\includes\header-top-bar-right.php on line 34

2020-05-10T14:02:50+00:00 CRITICAL syntax error, unexpected '.' in C:\xampp2\htdocs\bookflight.com\wp-content\themes\betheme\includes\header-top-bar-right.php on line 35

2020-05-10T14:28:31+00:00 CRITICAL syntax error, unexpected '{', expecting ',' or ')' in C:\xampp2\htdocs\bookflight.com\wp-content\themes\betheme\includes\header-top-bar-right.php on line 32

2020-05-10T14:56:11+00:00 CRITICAL syntax error, unexpected '.' in C:\xampp2\htdocs\bookflight.com\wp-content\themes\betheme\includes\header-top-bar-right.php on line 41

2020-05-10T14:57:09+00:00 CRITICAL syntax error, unexpected '.' in C:\xampp2\htdocs\bookflight.com\wp-content\themes\betheme\includes\header-top-bar-right.php on line 36

2020-05-10T14:57:31+00:00 CRITICAL syntax error, unexpected '.' in C:\xampp2\htdocs\bookflight.com\wp-content\themes\betheme\includes\header-top-bar-right.php on line 33

2020-05-10T14:57:36+00:00 CRITICAL syntax error, unexpected '.' in C:\xampp2\htdocs\bookflight.com\wp-content\themes\betheme\includes\header-top-bar-right.php on line 33

2020-05-10T21:50:47+00:00 CRITICAL Out of memory (allocated 12582912) (tried to allocate 32768 bytes) in C:\xampp2\htdocs\bookflight.com\wp-content\plugins\woocommerce\packages\woocommerce-admin\src\API\OnboardingPlugins.php on line 444

